[2015.10.10-16.15.03:561][  0]Log file open, 10/10/15 17:15:03
[2015.10.10-16.15.03:561][  0]LogInit:Display: Running engine for game: ProjectApple
[2015.10.10-16.15.03:561][  0]LogInit:Display: RandInit(-1058150620) SRandInit(-1058150599).
[2015.10.10-16.15.03:561][  0]LogTaskGraph: Started task graph with 4 named threads and 5 total threads.
[2015.10.10-16.15.03:561][  0]LogStats: Stats thread started at 0.133174
[2015.10.10-16.15.03:561][  0]LogInit: Version: 4.9.2-2707645+++depot+UE4-Releases+4.9
[2015.10.10-16.15.03:561][  0]LogInit: API Version: 2672455
[2015.10.10-16.15.03:561][  0]LogInit: Compiled (64-bit): Sep 28 2015 10:25:44
[2015.10.10-16.15.03:561][  0]LogInit: Compiled with Visual C++: 18.00.21005.01
[2015.10.10-16.15.03:561][  0]LogInit: Build Configuration: Development
[2015.10.10-16.15.03:561][  0]LogInit: Branch Name: ++depot+UE4-Releases+4.9
[2015.10.10-16.15.03:561][  0]LogInit: Command line: 
[2015.10.10-16.15.03:561][  0]LogInit: Base directory: C:/Program Files/Epic Games/4.9/Engine/Binaries/Win64/
[2015.10.10-16.15.03:561][  0]LogInit: Rocket: 1
[2015.10.10-16.15.03:624][  0]LogInit: Using libcurl 7.41.0
[2015.10.10-16.15.03:624][  0]LogInit:  - built for x86_64-pc-win32
[2015.10.10-16.15.03:624][  0]LogInit:  - supports SSL with WinSSL
[2015.10.10-16.15.03:624][  0]LogInit:  - other features:
[2015.10.10-16.15.03:624][  0]LogInit:      CURL_VERSION_SSL
[2015.10.10-16.15.03:624][  0]LogInit:      CURL_VERSION_IPV6
[2015.10.10-16.15.03:624][  0]LogInit:      CURL_VERSION_ASYNCHDNS
[2015.10.10-16.15.03:624][  0]LogInit:      CURL_VERSION_LARGEFILE
[2015.10.10-16.15.03:624][  0]LogInit:      CURL_VERSION_IDN
[2015.10.10-16.15.03:624][  0]LogInit:  CurlRequestOptions (configurable via config and command line):
[2015.10.10-16.15.03:626][  0]LogInit:  - bVerifyPeer = true  - Libcurl will verify peer certificate
[2015.10.10-16.15.03:626][  0]LogInit:  - bUseHttpProxy = false  - Libcurl will NOT use HTTP proxy
[2015.10.10-16.15.03:626][  0]LogInit:  - bDontReuseConnections = false  - Libcurl will reuse connections
[2015.10.10-16.15.03:626][  0]LogInit:  - CertBundlePath = nullptr  - Libcurl will use whatever was configured at build time.
[2015.10.10-16.15.03:674][  0]LogInit: Presizing for 0 objects not considered by GC, pre-allocating 0 bytes.
[2015.10.10-16.15.03:694][  0]LogInit: Object subsystem initialized
[2015.10.10-16.15.03:725][  0]LogInit: Selected Device Profile: [Windows]
[2015.10.10-16.15.03:725][  0]LogInit: Applying CVar settings loaded from the selected device profile: [Windows]
[2015.10.10-16.15.03:761][  0]LogInit: Computer: OCTAVIA
[2015.10.10-16.15.03:761][  0]LogInit: User: TheSphericalCat
[2015.10.10-16.15.03:761][  0]LogInit: CPU Page size=4096, Cores=2
[2015.10.10-16.15.03:761][  0]LogInit: High frequency timer resolution =14.318180 MHz
[2015.10.10-16.15.03:761][  0]LogMemory: Memory total: Physical=14.9GB (15GB approx)
[2015.10.10-16.15.03:761][  0]LogMemory: Platform Memory Stats for Windows
[2015.10.10-16.15.03:761][  0]LogMemory: Process Physical Memory: 53.73 MB used, 53.73 MB peak
[2015.10.10-16.15.03:761][  0]LogMemory: Process Virtual Memory: 55.48 MB used, 55.48 MB peak
[2015.10.10-16.15.03:761][  0]LogMemory: Physical Memory: 5531.59 MB used, 15299.75 MB total
[2015.10.10-16.15.03:761][  0]LogMemory: Virtual Memory: 365.62 MB used, 134217728.00 MB total
[2015.10.10-16.15.03:957][  0]LogTextLocalizationManager: No specific translations for ('en-GB') exist, so ('en') translations will be used.
[2015.10.10-16.15.06:460][  0]LogD3D11RHI: Found D3D11 adapter 0: NVIDIA GeForce GTX 970 (Feature Level 11_0)
[2015.10.10-16.15.06:460][  0]LogD3D11RHI: Adapter has 4008MB of dedicated video memory, 0MB of dedicated system memory, and 7649MB of shared system memory, 2 output[s]
[2015.10.10-16.15.06:501][  0]LogD3D11RHI: Found D3D11 adapter 1: AMD Radeon(TM) R7 Graphics (Feature Level 11_0)
[2015.10.10-16.15.06:501][  0]LogD3D11RHI: Adapter has 1003MB of dedicated video memory, 0MB of dedicated system memory, and 7649MB of shared system memory, 0 output[s]
[2015.10.10-16.15.06:509][  0]LogD3D11RHI: Found D3D11 adapter 2: Microsoft Basic Render Driver (Feature Level 11_0)
[2015.10.10-16.15.06:510][  0]LogD3D11RHI: Adapter has 0MB of dedicated video memory, 0MB of dedicated system memory, and 7649MB of shared system memory, 0 output[s]
[2015.10.10-16.15.06:510][  0]LogD3D11RHI: Chosen D3D11 Adapter Id = 0
[2015.10.10-16.15.06:523][  0]LogD3D11RHI: !Direct3DDevice
[2015.10.10-16.15.06:523][  0]LogRHI: Texture pool is 1361 MB (70% of 1945 MB)
[2015.10.10-16.15.06:578][  0]LogD3D11RHI: Async texture creation enabled
[2015.10.10-16.15.06:595][  0]LogShaderCompilers: Guid format shader working directory is 15 characters bigger than the processId version (../../../../../../Users/TheSphericalCat/Documents/Unreal Projects/ProjectApple/Intermediate/Shaders/WorkingDirectory/7000/).
[2015.10.10-16.15.06:595][  0]LogShaderCompilers: Cleaned the shader compiler working directory '../../../../../../Users/TheSphericalCat/Documents/Unreal Projects/ProjectApple/Intermediate/Shaders/tmp/6EA5760E476E905B45E509A247820FF0/'.
[2015.10.10-16.15.06:595][  0]LogShaderCompilers:Display: Using Local Shader Compiler.
[2015.10.10-16.15.17:759][  0]LogTemp:Display: Loaded TP AllDesktopTargetPlatform
[2015.10.10-16.15.17:796][  0]LogTemp:Display: Loaded TP WindowsClientTargetPlatform
[2015.10.10-16.15.17:862][  0]LogTemp:Display: Loaded TP WindowsNoEditorTargetPlatform
[2015.10.10-16.15.17:898][  0]LogTemp:Display: Loaded TP WindowsServerTargetPlatform
[2015.10.10-16.15.17:941][  0]LogTemp:Display: Loaded TP WindowsTargetPlatform
[2015.10.10-16.15.17:952][  0]LogTemp:Display: Loaded TP AndroidTargetPlatform
[2015.10.10-16.15.17:981][  0]LogTemp:Display: Loaded TP Android_ASTCTargetPlatform
[2015.10.10-16.15.18:001][  0]LogTemp:Display: Loaded TP Android_ATCTargetPlatform
[2015.10.10-16.15.18:028][  0]LogTemp:Display: Loaded TP Android_DXTTargetPlatform
[2015.10.10-16.15.18:038][  0]LogTemp:Display: Loaded TP Android_ETC1TargetPlatform
[2015.10.10-16.15.18:053][  0]LogTemp:Display: Loaded TP Android_ETC2TargetPlatform
[2015.10.10-16.15.18:115][  0]LogTemp:Display: Loaded TP Android_PVRTCTargetPlatform
[2015.10.10-16.15.18:119][  0]LogTemp:Display: Loaded TP HTML5TargetPlatform
[2015.10.10-16.15.18:167][  0]LogTemp:Display: Loaded TP IOSTargetPlatform
[2015.10.10-16.15.18:188][  0]LogTemp:Display: Loaded TP LinuxNoEditorTargetPlatform
[2015.10.10-16.15.18:197][  0]LogTemp:Display: Loaded TP LinuxServerTargetPlatform
[2015.10.10-16.15.18:219][  0]LogTemp:Display: Loaded TP LinuxTargetPlatform
[2015.10.10-16.15.18:219][  0]LogTargetPlatformManager:Display: Building Assets For Windows
[2015.10.10-16.15.18:644][  0]LogDerivedDataCache:Display: Max Cache Size: 512 MB
[2015.10.10-16.15.18:860][  0]LogDerivedDataCache: Loaded boot cache 0.22s 41MB C:/Users/TheSphericalCat/AppData/Local/UnrealEngine/4.9/DerivedDataCache/Boot.ddc.
[2015.10.10-16.15.18:860][  0]LogDerivedDataCache:Display: Loaded Boot cache: C:/Users/TheSphericalCat/AppData/Local/UnrealEngine/4.9/DerivedDataCache/Boot.ddc
[2015.10.10-16.15.18:860][  0]LogDerivedDataCache: FDerivedDataBackendGraph:  Pak pak cache file ../../../../../../Users/TheSphericalCat/Documents/Unreal Projects/ProjectApple/DerivedDataCache/DDC.ddp not found, will not use a pak cache.
[2015.10.10-16.15.18:860][  0]LogDerivedDataCache: Unable to find inner node Pak for hierarchical cache Hierarchy.
[2015.10.10-16.15.18:860][  0]LogDerivedDataCache: FDerivedDataBackendGraph:  CompressedPak pak cache file ../../../../../../Users/TheSphericalCat/Documents/Unreal Projects/ProjectApple/DerivedDataCache/Compressed.ddp not found, will not use a pak cache.
[2015.10.10-16.15.18:860][  0]LogDerivedDataCache: Unable to find inner node CompressedPak for hierarchical cache Hierarchy.
[2015.10.10-16.15.19:167][  0]LogDerivedDataCache:Display: Pak cache opened for reading ../../../Engine/DerivedDataCache/Compressed.ddp.
[2015.10.10-16.15.19:184][  0]LogDerivedDataCache: Using Local data cache path C:/Users/TheSphericalCat/AppData/Local/UnrealEngine/Common/DerivedDataCache: Writable
[2015.10.10-16.15.20:033][  0]LogInit: Selected Device Profile: [Windows]
[2015.10.10-16.15.20:050][  0]LogContentStreaming: Texture pool size is 0.000000MB
[2015.10.10-16.15.20:624][  0]LogMeshUtilities: No automatic mesh reduction module available
[2015.10.10-16.15.20:624][  0]LogMeshUtilities: No automatic mesh merging module available
[2015.10.10-16.15.22:228][  0]LogInit: WinSock: version 1.1 (2.2), MaxSocks=32767, MaxUdp=65467
[2015.10.10-16.15.27:919][  0]UdpMessaging: Initializing bridge on interface 0.0.0.0:0 to multicast group 230.0.0.1:6666.
[2015.10.10-16.15.28:121][  0]LogAssetRegistry: FAssetRegistry took 0.0132 seconds to start up
[2015.10.10-16.15.28:540][  0]SourceControl: Info Source control is disabled
[2015.10.10-16.15.28:543][  0]SourceControl: Info Source control is disabled
[2015.10.10-16.15.28:704][  0]SourceControl: Info Source control is disabled
[2015.10.10-16.15.28:742][  0]SourceControl: Info Source control is disabled
[2015.10.10-16.15.29:895][  0]LogLinker:Warning: Asset '../../../Engine/Plugins/Runtime/LeapMotionController/Content/LM_PassthroughMaterial.uasset' has been saved with empty engine version. The asset will be loaded but may be incompatible.
[2015.10.10-16.15.30:612][  0]LogObj: 28361 objects as part of root set at end of initial load.
[2015.10.10-16.15.30:612][  0]LogUObjectAllocator: 6038872 out of 0 bytes used by permanent object pool.
[2015.10.10-16.15.31:058][  0]LogEngine: Initializing Engine...
[2015.10.10-16.15.31:072][  0]LogHMD: Can't find Oculus library dev build: is proper Runtime installed? Version: 0.7.0.0
[2015.10.10-16.15.31:131][  0]LogHMD: SteamVR failed to initialize.  Err: 108
[2015.10.10-16.15.31:945][  0]LogAIModule: Creating AISystem for world NewWorld
[2015.10.10-16.15.32:040][  0]LogInit: XAudio2 using 'Speakers (VB-Audio VoiceMeeter VAIO)' : 2 channels at 44.1 kHz using 16 bits per sample (channel mask 0x3)
[2015.10.10-16.15.32:073][  0]LogInit: FAudioDevice initialized.
[2015.10.10-16.15.32:234][  0]LogDerivedDataCache: Saved boot cache 0.16s 41MB C:/Users/TheSphericalCat/AppData/Local/UnrealEngine/4.9/DerivedDataCache/Boot.ddc.
[2015.10.10-16.15.32:271][  0]LogInit: Texture streaming: Enabled
[2015.10.10-16.15.32:308][  0]LogAnalytics: Creating configured Analytics provider AnalyticsET
[2015.10.10-16.15.32:309][  0]LogAnalytics: [UEEditor.Rocket.Release] APIServer = http://et2.epicgames.com/ET2/. AppVersion = 4.9.2-2707645+++depot+UE4-Releases+4.9
[2015.10.10-16.15.32:309][  0]LogAnalytics: [UEEditor.Rocket.Release] SetUserId 195629bc4cae8c78c08e8085e665321a|2311417dec47479284001d5aa57a00da|e284dd56-0283-4631-9d25-c164800e95a9
[2015.10.10-16.15.32:309][  0]LogAnalytics: [UEEditor.Rocket.Release] AnalyticsET::StartSession
[2015.10.10-16.15.34:200][  0]LogInit: Transaction tracking system initialized
[2015.10.10-16.15.34:477][  0]BlueprintLog: New page: Editor Load
[2015.10.10-16.15.39:002][  0]LocalizationService: Info Localization service is disabled
[2015.10.10-16.15.40:644][  0]LogConsoleResponse:Display: 
[2015.10.10-16.15.42:009][  0]LogCook:Display: Done creating registry. It took  0.00s.
[2015.10.10-16.15.42:370][  0]LogFileCache: Scanning file cache for directory 'C:/Users/TheSphericalCat/Documents/Unreal Projects/ProjectApple/Content/' took 0.02s
[2015.10.10-16.15.42:370][  0]SourceControl: Info Source control is disabled
[2015.10.10-16.15.42:543][  0]LogFactory: FactoryCreateBinary: PackFactory with PackFactory (0 0 C:/Program Files/Epic Games/4.9/FeaturePacks/StarterContent.upack)
[2015.10.10-16.15.42:910][  0]LogPackFactory: Finished extracting 8 files (including 0 errors).
[2015.10.10-16.15.43:020][  0]LogPackFactory: Copied "../../../Samples/StarterContent/Content/StarterContent/Architecture/Floor_400x400.uasset" to "../../../../../../Users/TheSphericalCat/Documents/Unreal Projects/ProjectApple/Content/StarterContent/Architecture/Floor_400x400.uasset"
[2015.10.10-16.15.43:090][  0]LogPackFactory: Copied "../../../Samples/StarterContent/Content/StarterContent/Architecture/Pillar_50x500.uasset" to "../../../../../../Users/TheSphericalCat/Documents/Unreal Projects/ProjectApple/Content/StarterContent/Architecture/Pillar_50x500.uasset"
[2015.10.10-16.15.43:303][  0]LogPackFactory: Copied "../../../Samples/StarterContent/Content/StarterContent/Architecture/SM_AssetPlatform.uasset" to "../../../../../../Users/TheSphericalCat/Documents/Unreal Projects/ProjectApple/Content/StarterContent/Architecture/SM_AssetPlatform.uasset"
[2015.10.10-16.15.43:417][  0]LogPackFactory: Copied "../../../Samples/StarterContent/Content/StarterContent/Architecture/Wall_400x200.uasset" to "../../../../../../Users/TheSphericalCat/Documents/Unreal Projects/ProjectApple/Content/StarterContent/Architecture/Wall_400x200.uasset"
[2015.10.10-16.15.43:511][  0]LogPackFactory: Copied "../../../Samples/StarterContent/Content/StarterContent/Architecture/Wall_400x300.uasset" to "../../../../../../Users/TheSphericalCat/Documents/Unreal Projects/ProjectApple/Content/StarterContent/Architecture/Wall_400x300.uasset"
[2015.10.10-16.15.43:559][  0]LogPackFactory: Copied "../../../Samples/StarterContent/Content/StarterContent/Architecture/Wall_400x400.uasset" to "../../../../../../Users/TheSphericalCat/Documents/Unreal Projects/ProjectApple/Content/StarterContent/Architecture/Wall_400x400.uasset"
[2015.10.10-16.15.43:590][  0]LogPackFactory: Copied "../../../Samples/StarterContent/Content/StarterContent/Architecture/Wall_500x500.uasset" to "../../../../../../Users/TheSphericalCat/Documents/Unreal Projects/ProjectApple/Content/StarterContent/Architecture/Wall_500x500.uasset"
[2015.10.10-16.15.43:660][  0]LogPackFactory: Copied "../../../Samples/StarterContent/Content/StarterContent/Architecture/Wall_Door_400x300.uasset" to "../../../../../../Users/TheSphericalCat/Documents/Unreal Projects/ProjectApple/Content/StarterContent/Architecture/Wall_Door_400x300.uasset"
[2015.10.10-16.15.43:708][  0]LogPackFactory: Copied "../../../Samples/StarterContent/Content/StarterContent/Architecture/Wall_Door_400x400.uasset" to "../../../../../../Users/TheSphericalCat/Documents/Unreal Projects/ProjectApple/Content/StarterContent/Architecture/Wall_Door_400x400.uasset"
[2015.10.10-16.15.43:868][  0]LogPackFactory: Copied "../../../Samples/StarterContent/Content/StarterContent/Architecture/Wall_Window_400x300.uasset" to "../../../../../../Users/TheSphericalCat/Documents/Unreal Projects/ProjectApple/Content/StarterContent/Architecture/Wall_Window_400x300.uasset"
[2015.10.10-16.15.43:945][  0]LogPackFactory: Copied "../../../Samples/StarterContent/Content/StarterContent/Architecture/Wall_Window_400x400.uasset" to "../../../../../../Users/TheSphericalCat/Documents/Unreal Projects/ProjectApple/Content/StarterContent/Architecture/Wall_Window_400x400.uasset"
[2015.10.10-16.15.44:071][  0]LogPackFactory: Copied "../../../Samples/StarterContent/Content/StarterContent/Audio/Collapse01.uasset" to "../../../../../../Users/TheSphericalCat/Documents/Unreal Projects/ProjectApple/Content/StarterContent/Audio/Collapse01.uasset"
[2015.10.10-16.15.44:145][  0]LogPackFactory: Copied "../../../Samples/StarterContent/Content/StarterContent/Audio/Collapse02.uasset" to "../../../../../../Users/TheSphericalCat/Documents/Unreal Projects/ProjectApple/Content/StarterContent/Audio/Collapse02.uasset"
[2015.10.10-16.15.44:170][  0]LogPackFactory: Copied "../../../Samples/StarterContent/Content/StarterContent/Audio/Collapse_Cue.uasset" to "../../../../../../Users/TheSphericalCat/Documents/Unreal Projects/ProjectApple/Content/StarterContent/Audio/Collapse_Cue.uasset"
[2015.10.10-16.15.44:229][  0]LogPackFactory: Copied "../../../Samples/StarterContent/Content/StarterContent/Audio/Explosion01.uasset" to "../../../../../../Users/TheSphericalCat/Documents/Unreal Projects/ProjectApple/Content/StarterContent/Audio/Explosion01.uasset"
[2015.10.10-16.15.44:355][  0]LogPackFactory: Copied "../../../Samples/StarterContent/Content/StarterContent/Audio/Explosion02.uasset" to "../../../../../../Users/TheSphericalCat/Documents/Unreal Projects/ProjectApple/Content/StarterContent/Audio/Explosion02.uasset"
[2015.10.10-16.15.44:377][  0]LogPackFactory: Copied "../../../Samples/StarterContent/Content/StarterContent/Audio/Explosion_Cue.uasset" to "../../../../../../Users/TheSphericalCat/Documents/Unreal Projects/ProjectApple/Content/StarterContent/Audio/Explosion_Cue.uasset"
[2015.10.10-16.15.44:452][  0]LogPackFactory: Copied "../../../Samples/StarterContent/Content/StarterContent/Audio/Fire01.uasset" to "../../../../../../Users/TheSphericalCat/Documents/Unreal Projects/ProjectApple/Content/StarterContent/Audio/Fire01.uasset"
[2015.10.10-16.15.44:471][  0]LogPackFactory: Copied "../../../Samples/StarterContent/Content/StarterContent/Audio/Fire01_Cue.uasset" to "../../../../../../Users/TheSphericalCat/Documents/Unreal Projects/ProjectApple/Content/StarterContent/Audio/Fire01_Cue.uasset"
[2015.10.10-16.15.44:639][  0]LogPackFactory: Copied "../../../Samples/StarterContent/Content/StarterContent/Audio/Fire_Sparks01.uasset" to "../../../../../../Users/TheSphericalCat/Documents/Unreal Projects/ProjectApple/Content/StarterContent/Audio/Fire_Sparks01.uasset"
[2015.10.10-16.15.44:672][  0]LogPackFactory: Copied "../../../Samples/StarterContent/Content/StarterContent/Audio/Fire_Sparks01_Cue.uasset" to "../../../../../../Users/TheSphericalCat/Documents/Unreal Projects/ProjectApple/Content/StarterContent/Audio/Fire_Sparks01_Cue.uasset"
[2015.10.10-16.15.44:703][  0]LogPackFactory: Copied "../../../Samples/StarterContent/Content/StarterContent/Audio/Light01.uasset" to "../../../../../../Users/TheSphericalCat/Documents/Unreal Projects/ProjectApple/Content/StarterContent/Audio/Light01.uasset"
[2015.10.10-16.15.44:731][  0]LogPackFactory: Copied "../../../Samples/StarterContent/Content/StarterContent/Audio/Light01_Cue.uasset" to "../../../../../../Users/TheSphericalCat/Documents/Unreal Projects/ProjectApple/Content/StarterContent/Audio/Light01_Cue.uasset"
[2015.10.10-16.15.44:775][  0]LogPackFactory: Copied "../../../Samples/StarterContent/Content/StarterContent/Audio/Light02.uasset" to "../../../../../../Users/TheSphericalCat/Documents/Unreal Projects/ProjectApple/Content/StarterContent/Audio/Light02.uasset"
[2015.10.10-16.15.44:804][  0]LogPackFactory: Copied "../../../Samples/StarterContent/Content/StarterContent/Audio/Light02_Cue.uasset" to "../../../../../../Users/TheSphericalCat/Documents/Unreal Projects/ProjectApple/Content/StarterContent/Audio/Light02_Cue.uasset"
[2015.10.10-16.15.44:859][  0]LogPackFactory: Copied "../../../Samples/StarterContent/Content/StarterContent/Audio/Smoke01.uasset" to "../../../../../../Users/TheSphericalCat/Documents/Unreal Projects/ProjectApple/Content/StarterContent/Audio/Smoke01.uasset"
[2015.10.10-16.15.44:909][  0]LogPackFactory: Copied "../../../Samples/StarterContent/Content/StarterContent/Audio/Smoke01_Cue.uasset" to "../../../../../../Users/TheSphericalCat/Documents/Unreal Projects/ProjectApple/Content/StarterContent/Audio/Smoke01_Cue.uasset"
[2015.10.10-16.15.44:946][  0]LogPackFactory: Copied "../../../Samples/StarterContent/Content/StarterContent/Audio/Starter_Background_Cue.uasset" to "../../../../../../Users/TheSphericalCat/Documents/Unreal Projects/ProjectApple/Content/StarterContent/Audio/Starter_Background_Cue.uasset"
[2015.10.10-16.15.45:257][  0]LogPackFactory: Copied "../../../Samples/StarterContent/Content/StarterContent/Audio/Starter_Birds01.uasset" to "../../../../../../Users/TheSphericalCat/Documents/Unreal Projects/ProjectApple/Content/StarterContent/Audio/Starter_Birds01.uasset"
[2015.10.10-16.15.46:090][  0]LogPackFactory: Copied "../../../Samples/StarterContent/Content/StarterContent/Audio/Starter_Music01.uasset" to "../../../../../../Users/TheSphericalCat/Documents/Unreal Projects/ProjectApple/Content/StarterContent/Audio/Starter_Music01.uasset"
[2015.10.10-16.15.46:235][  0]LogPackFactory: Copied "../../../Samples/StarterContent/Content/StarterContent/Audio/Starter_Music_Cue.uasset" to "../../../../../../Users/TheSphericalCat/Documents/Unreal Projects/ProjectApple/Content/StarterContent/Audio/Starter_Music_Cue.uasset"
[2015.10.10-16.15.46:693][  0]LogPackFactory: Copied "../../../Samples/StarterContent/Content/StarterContent/Audio/Starter_Wind05.uasset" to "../../../../../../Users/TheSphericalCat/Documents/Unreal Projects/ProjectApple/Content/StarterContent/Audio/Starter_Wind05.uasset"
[2015.10.10-16.15.46:942][  0]LogPackFactory: Copied "../../../Samples/StarterContent/Content/StarterContent/Audio/Starter_Wind06.uasset" to "../../../../../../Users/TheSphericalCat/Documents/Unreal Projects/ProjectApple/Content/StarterContent/Audio/Starter_Wind06.uasset"
[2015.10.10-16.15.47:115][  0]LogPackFactory: Copied "../../../Samples/StarterContent/Content/StarterContent/Audio/Steam01.uasset" to "../../../../../../Users/TheSphericalCat/Documents/Unreal Projects/ProjectApple/Content/StarterContent/Audio/Steam01.uasset"
[2015.10.10-16.15.47:144][  0]LogPackFactory: Copied "../../../Samples/StarterContent/Content/StarterContent/Audio/Steam01_Cue.uasset" to "../../../../../../Users/TheSphericalCat/Documents/Unreal Projects/ProjectApple/Content/StarterContent/Audio/Steam01_Cue.uasset"
[2015.10.10-16.15.47:255][  0]LogPackFactory: Copied "../../../Samples/StarterContent/Content/StarterContent/Blueprints/Blueprint_CeilingLight.uasset" to "../../../../../../Users/TheSphericalCat/Documents/Unreal Projects/ProjectApple/Content/StarterContent/Blueprints/Blueprint_CeilingLight.uasset"
[2015.10.10-16.15.47:272][  0]LogPackFactory: Copied "../../../Samples/StarterContent/Content/StarterContent/Blueprints/Blueprint_Effect_Explosion.uasset" to "../../../../../../Users/TheSphericalCat/Documents/Unreal Projects/ProjectApple/Content/StarterContent/Blueprints/Blueprint_Effect_Explosion.uasset"
[2015.10.10-16.15.47:334][  0]LogPackFactory: Copied "../../../Samples/StarterContent/Content/StarterContent/Blueprints/Blueprint_Effect_Fire.uasset" to "../../../../../../Users/TheSphericalCat/Documents/Unreal Projects/ProjectApple/Content/StarterContent/Blueprints/Blueprint_Effect_Fire.uasset"
[2015.10.10-16.15.47:366][  0]LogPackFactory: Copied "../../../Samples/StarterContent/Content/StarterContent/Blueprints/Blueprint_Effect_Smoke.uasset" to "../../../../../../Users/TheSphericalCat/Documents/Unreal Projects/ProjectApple/Content/StarterContent/Blueprints/Blueprint_Effect_Smoke.uasset"
[2015.10.10-16.15.47:393][  0]LogPackFactory: Copied "../../../Samples/StarterContent/Content/StarterContent/Blueprints/Blueprint_Effect_Sparks.uasset" to "../../../../../../Users/TheSphericalCat/Documents/Unreal Projects/ProjectApple/Content/StarterContent/Blueprints/Blueprint_Effect_Sparks.uasset"
[2015.10.10-16.15.47:451][  0]LogPackFactory: Copied "../../../Samples/StarterContent/Content/StarterContent/Blueprints/Blueprint_Effect_Steam.uasset" to "../../../../../../Users/TheSphericalCat/Documents/Unreal Projects/ProjectApple/Content/StarterContent/Blueprints/Blueprint_Effect_Steam.uasset"
[2015.10.10-16.15.47:517][  0]LogPackFactory: Copied "../../../Samples/StarterContent/Content/StarterContent/Blueprints/Blueprint_WallSconce.uasset" to "../../../../../../Users/TheSphericalCat/Documents/Unreal Projects/ProjectApple/Content/StarterContent/Blueprints/Blueprint_WallSconce.uasset"
[2015.10.10-16.15.47:808][  0]LogPackFactory: Copied "../../../Samples/StarterContent/Content/StarterContent/Blueprints/BP_LightStudio.uasset" to "../../../../../../Users/TheSphericalCat/Documents/Unreal Projects/ProjectApple/Content/StarterContent/Blueprints/BP_LightStudio.uasset"
[2015.10.10-16.15.47:844][  0]LogPackFactory: Copied "../../../Samples/StarterContent/Content/StarterContent/Blueprints/Assets/FogBrightnessLUT.uasset" to "../../../../../../Users/TheSphericalCat/Documents/Unreal Projects/ProjectApple/Content/StarterContent/Blueprints/Assets/FogBrightnessLUT.uasset"
[2015.10.10-16.15.47:916][  0]LogPackFactory: Copied "../../../Samples/StarterContent/Content/StarterContent/Blueprints/Assets/M_LightStage_Arrows.uasset" to "../../../../../../Users/TheSphericalCat/Documents/Unreal Projects/ProjectApple/Content/StarterContent/Blueprints/Assets/M_LightStage_Arrows.uasset"
[2015.10.10-16.15.47:989][  0]LogPackFactory: Copied "../../../Samples/StarterContent/Content/StarterContent/Blueprints/Assets/M_LightStage_Skybox_Black.uasset" to "../../../../../../Users/TheSphericalCat/Documents/Unreal Projects/ProjectApple/Content/StarterContent/Blueprints/Assets/M_LightStage_Skybox_Black.uasset"
[2015.10.10-16.15.48:089][  0]LogPackFactory: Copied "../../../Samples/StarterContent/Content/StarterContent/Blueprints/Assets/M_LightStage_Skybox_HDRI.uasset" to "../../../../../../Users/TheSphericalCat/Documents/Unreal Projects/ProjectApple/Content/StarterContent/Blueprints/Assets/M_LightStage_Skybox_HDRI.uasset"
[2015.10.10-16.15.48:188][  0]LogPackFactory: Copied "../../../Samples/StarterContent/Content/StarterContent/Blueprints/Assets/M_LightStage_Skybox_Master.uasset" to "../../../../../../Users/TheSphericalCat/Documents/Unreal Projects/ProjectApple/Content/StarterContent/Blueprints/Assets/M_LightStage_Skybox_Master.uasset"
[2015.10.10-16.15.48:331][  0]LogPackFactory: Copied "../../../Samples/StarterContent/Content/StarterContent/Blueprints/Assets/Skybox.uasset" to "../../../../../../Users/TheSphericalCat/Documents/Unreal Projects/ProjectApple/Content/StarterContent/Blueprints/Assets/Skybox.uasset"
[2015.10.10-16.15.48:385][  0]LogPackFactory: Copied "../../../Samples/StarterContent/Content/StarterContent/Blueprints/Assets/SM_Arrows.uasset" to "../../../../../../Users/TheSphericalCat/Documents/Unreal Projects/ProjectApple/Content/StarterContent/Blueprints/Assets/SM_Arrows.uasset"
[2015.10.10-16.15.48:421][  0]LogPackFactory: Copied "../../../Samples/StarterContent/Content/StarterContent/Blueprints/Assets/SunlightColorLUT.uasset" to "../../../../../../Users/TheSphericalCat/Documents/Unreal Projects/ProjectApple/Content/StarterContent/Blueprints/Assets/SunlightColorLUT.uasset"
[2015.10.10-16.15.55:441][  0]LogPackFactory: Copied "../../../Samples/StarterContent/Content/StarterContent/HDRI/HDRI_Epic_Courtyard_Daylight.uasset" to "../../../../../../Users/TheSphericalCat/Documents/Unreal Projects/ProjectApple/Content/StarterContent/HDRI/HDRI_Epic_Courtyard_Daylight.uasset"
[2015.10.10-16.15.55:567][  0]LogPackFactory: Copied "../../../Samples/StarterContent/Content/StarterContent/Maps/Advanced_Lighting.umap" to "../../../../../../Users/TheSphericalCat/Documents/Unreal Projects/ProjectApple/Content/StarterContent/Maps/Advanced_Lighting.umap"
[2015.10.10-16.15.56:370][  0]LogPackFactory: Copied "../../../Samples/StarterContent/Content/StarterContent/Maps/Minimal_Default.umap" to "../../../../../../Users/TheSphericalCat/Documents/Unreal Projects/ProjectApple/Content/StarterContent/Maps/Minimal_Default.umap"
[2015.10.10-16.15.58:289][  0]LogPackFactory: Copied "../../../Samples/StarterContent/Content/StarterContent/Maps/StarterMap.umap" to "../../../../../../Users/TheSphericalCat/Documents/Unreal Projects/ProjectApple/Content/StarterContent/Maps/StarterMap.umap"
[2015.10.10-16.15.58:303][  0]LogPackFactory: Copied "../../../Samples/StarterContent/Content/StarterContent/Materials/M_AssetPlatform.uasset" to "../../../../../../Users/TheSphericalCat/Documents/Unreal Projects/ProjectApple/Content/StarterContent/Materials/M_AssetPlatform.uasset"
[2015.10.10-16.15.58:343][  0]LogPackFactory: Copied "../../../Samples/StarterContent/Content/StarterContent/Materials/M_Basic_Floor.uasset" to "../../../../../../Users/TheSphericalCat/Documents/Unreal Projects/ProjectApple/Content/StarterContent/Materials/M_Basic_Floor.uasset"
[2015.10.10-16.15.58:556][  0]LogPackFactory: Copied "../../../Samples/StarterContent/Content/StarterContent/Materials/M_Basic_Wall.uasset" to "../../../../../../Users/TheSphericalCat/Documents/Unreal Projects/ProjectApple/Content/StarterContent/Materials/M_Basic_Wall.uasset"
[2015.10.10-16.15.58:660][  0]LogPackFactory: Copied "../../../Samples/StarterContent/Content/StarterContent/Materials/M_Brick_Clay_Beveled.uasset" to "../../../../../../Users/TheSphericalCat/Documents/Unreal Projects/ProjectApple/Content/StarterContent/Materials/M_Brick_Clay_Beveled.uasset"
[2015.10.10-16.15.58:769][  0]LogPackFactory: Copied "../../../Samples/StarterContent/Content/StarterContent/Materials/M_Brick_Clay_New.uasset" to "../../../../../../Users/TheSphericalCat/Documents/Unreal Projects/ProjectApple/Content/StarterContent/Materials/M_Brick_Clay_New.uasset"
[2015.10.10-16.15.58:840][  0]LogPackFactory: Copied "../../../Samples/StarterContent/Content/StarterContent/Materials/M_Brick_Clay_Old.uasset" to "../../../../../../Users/TheSphericalCat/Documents/Unreal Projects/ProjectApple/Content/StarterContent/Materials/M_Brick_Clay_Old.uasset"
[2015.10.10-16.15.58:946][  0]LogPackFactory: Copied "../../../Samples/StarterContent/Content/StarterContent/Materials/M_Brick_Cut_Stone.uasset" to "../../../../../../Users/TheSphericalCat/Documents/Unreal Projects/ProjectApple/Content/StarterContent/Materials/M_Brick_Cut_Stone.uasset"
[2015.10.10-16.15.59:060][  0]LogPackFactory: Copied "../../../Samples/StarterContent/Content/StarterContent/Materials/M_Brick_Hewn_Stone.uasset" to "../../../../../../Users/TheSphericalCat/Documents/Unreal Projects/ProjectApple/Content/StarterContent/Materials/M_Brick_Hewn_Stone.uasset"
[2015.10.10-16.15.59:132][  0]LogPackFactory: Copied "../../../Samples/StarterContent/Content/StarterContent/Materials/M_Ceramic_Tile_Checker.uasset" to "../../../../../../Users/TheSphericalCat/Documents/Unreal Projects/ProjectApple/Content/StarterContent/Materials/M_Ceramic_Tile_Checker.uasset"
[2015.10.10-16.15.59:224][  0]LogPackFactory: Copied "../../../Samples/StarterContent/Content/StarterContent/Materials/M_CobbleStone_Pebble.uasset" to "../../../../../../Users/TheSphericalCat/Documents/Unreal Projects/ProjectApple/Content/StarterContent/Materials/M_CobbleStone_Pebble.uasset"
[2015.10.10-16.15.59:326][  0]LogPackFactory: Copied "../../../Samples/StarterContent/Content/StarterContent/Materials/M_CobbleStone_Rough.uasset" to "../../../../../../Users/TheSphericalCat/Documents/Unreal Projects/ProjectApple/Content/StarterContent/Materials/M_CobbleStone_Rough.uasset"
[2015.10.10-16.15.59:476][  0]LogPackFactory: Copied "../../../Samples/StarterContent/Content/StarterContent/Materials/M_CobbleStone_Smooth.uasset" to "../../../../../../Users/TheSphericalCat/Documents/Unreal Projects/ProjectApple/Content/StarterContent/Materials/M_CobbleStone_Smooth.uasset"
[2015.10.10-16.15.59:552][  0]LogPackFactory: Copied "../../../Samples/StarterContent/Content/StarterContent/Materials/M_ColorGrid_LowSpec.uasset" to "../../../../../../Users/TheSphericalCat/Documents/Unreal Projects/ProjectApple/Content/StarterContent/Materials/M_ColorGrid_LowSpec.uasset"
[2015.10.10-16.15.59:616][  0]LogPackFactory: Copied "../../../Samples/StarterContent/Content/StarterContent/Materials/M_Concrete_Grime.uasset" to "../../../../../../Users/TheSphericalCat/Documents/Unreal Projects/ProjectApple/Content/StarterContent/Materials/M_Concrete_Grime.uasset"
[2015.10.10-16.15.59:659][  0]LogPackFactory: Copied "../../../Samples/StarterContent/Content/StarterContent/Materials/M_Concrete_Panels.uasset" to "../../../../../../Users/TheSphericalCat/Documents/Unreal Projects/ProjectApple/Content/StarterContent/Materials/M_Concrete_Panels.uasset"
[2015.10.10-16.15.59:733][  0]LogPackFactory: Copied "../../../Samples/StarterContent/Content/StarterContent/Materials/M_Concrete_Poured.uasset" to "../../../../../../Users/TheSphericalCat/Documents/Unreal Projects/ProjectApple/Content/StarterContent/Materials/M_Concrete_Poured.uasset"
[2015.10.10-16.15.59:898][  0]LogPackFactory: Copied "../../../Samples/StarterContent/Content/StarterContent/Materials/M_Concrete_Tiles.uasset" to "../../../../../../Users/TheSphericalCat/Documents/Unreal Projects/ProjectApple/Content/StarterContent/Materials/M_Concrete_Tiles.uasset"
[2015.10.10-16.15.59:934][  0]LogPackFactory: Copied "../../../Samples/StarterContent/Content/StarterContent/Materials/M_Glass.uasset" to "../../../../../../Users/TheSphericalCat/Documents/Unreal Projects/ProjectApple/Content/StarterContent/Materials/M_Glass.uasset"
[2015.10.10-16.15.59:984][  0]LogPackFactory: Copied "../../../Samples/StarterContent/Content/StarterContent/Materials/M_Ground_Grass.uasset" to "../../../../../../Users/TheSphericalCat/Documents/Unreal Projects/ProjectApple/Content/StarterContent/Materials/M_Ground_Grass.uasset"
[2015.10.10-16.16.00:087][  0]LogPackFactory: Copied "../../../Samples/StarterContent/Content/StarterContent/Materials/M_Ground_Gravel.uasset" to "../../../../../../Users/TheSphericalCat/Documents/Unreal Projects/ProjectApple/Content/StarterContent/Materials/M_Ground_Gravel.uasset"
[2015.10.10-16.16.00:233][  0]LogPackFactory: Copied "../../../Samples/StarterContent/Content/StarterContent/Materials/M_Ground_Moss.uasset" to "../../../../../../Users/TheSphericalCat/Documents/Unreal Projects/ProjectApple/Content/StarterContent/Materials/M_Ground_Moss.uasset"
[2015.10.10-16.16.00:361][  0]LogPackFactory: Copied "../../../Samples/StarterContent/Content/StarterContent/Materials/M_Metal_Brushed_Nickel.uasset" to "../../../../../../Users/TheSphericalCat/Documents/Unreal Projects/ProjectApple/Content/StarterContent/Materials/M_Metal_Brushed_Nickel.uasset"
[2015.10.10-16.16.00:420][  0]LogPackFactory: Copied "../../../Samples/StarterContent/Content/StarterContent/Materials/M_Metal_Burnished_Steel.uasset" to "../../../../../../Users/TheSphericalCat/Documents/Unreal Projects/ProjectApple/Content/StarterContent/Materials/M_Metal_Burnished_Steel.uasset"
[2015.10.10-16.16.00:465][  0]LogPackFactory: Copied "../../../Samples/StarterContent/Content/StarterContent/Materials/M_Metal_Chrome.uasset" to "../../../../../../Users/TheSphericalCat/Documents/Unreal Projects/ProjectApple/Content/StarterContent/Materials/M_Metal_Chrome.uasset"
[2015.10.10-16.16.00:616][  0]LogPackFactory: Copied "../../../Samples/StarterContent/Content/StarterContent/Materials/M_Metal_Copper.uasset" to "../../../../../../Users/TheSphericalCat/Documents/Unreal Projects/ProjectApple/Content/StarterContent/Materials/M_Metal_Copper.uasset"
[2015.10.10-16.16.00:660][  0]LogPackFactory: Copied "../../../Samples/StarterContent/Content/StarterContent/Materials/M_Metal_Gold.uasset" to "../../../../../../Users/TheSphericalCat/Documents/Unreal Projects/ProjectApple/Content/StarterContent/Materials/M_Metal_Gold.uasset"
[2015.10.10-16.16.00:696][  0]LogPackFactory: Copied "../../../Samples/StarterContent/Content/StarterContent/Materials/M_Metal_Rust.uasset" to "../../../../../../Users/TheSphericalCat/Documents/Unreal Projects/ProjectApple/Content/StarterContent/Materials/M_Metal_Rust.uasset"
[2015.10.10-16.16.00:840][  0]LogPackFactory: Copied "../../../Samples/StarterContent/Content/StarterContent/Materials/M_Metal_Steel.uasset" to "../../../../../../Users/TheSphericalCat/Documents/Unreal Projects/ProjectApple/Content/StarterContent/Materials/M_Metal_Steel.uasset"
[2015.10.10-16.16.00:959][  0]LogPackFactory: Copied "../../../Samples/StarterContent/Content/StarterContent/Materials/M_Rock_Basalt.uasset" to "../../../../../../Users/TheSphericalCat/Documents/Unreal Projects/ProjectApple/Content/StarterContent/Materials/M_Rock_Basalt.uasset"
[2015.10.10-16.16.00:977][  0]LogPackFactory: Copied "../../../Samples/StarterContent/Content/StarterContent/Materials/M_Rock_Marble_Polished.uasset" to "../../../../../../Users/TheSphericalCat/Documents/Unreal Projects/ProjectApple/Content/StarterContent/Materials/M_Rock_Marble_Polished.uasset"
[2015.10.10-16.16.01:061][  0]LogPackFactory: Copied "../../../Samples/StarterContent/Content/StarterContent/Materials/M_Rock_Sandstone.uasset" to "../../../../../../Users/TheSphericalCat/Documents/Unreal Projects/ProjectApple/Content/StarterContent/Materials/M_Rock_Sandstone.uasset"
[2015.10.10-16.16.01:127][  0]LogPackFactory: Copied "../../../Samples/StarterContent/Content/StarterContent/Materials/M_Rock_Slate.uasset" to "../../../../../../Users/TheSphericalCat/Documents/Unreal Projects/ProjectApple/Content/StarterContent/Materials/M_Rock_Slate.uasset"
[2015.10.10-16.16.01:164][  0]LogPackFactory: Copied "../../../Samples/StarterContent/Content/StarterContent/Materials/M_Tech_Checker_Dot.uasset" to "../../../../../../Users/TheSphericalCat/Documents/Unreal Projects/ProjectApple/Content/StarterContent/Materials/M_Tech_Checker_Dot.uasset"
[2015.10.10-16.16.01:171][  0]LogPackFactory: Copied "../../../Samples/StarterContent/Content/StarterContent/Materials/M_Tech_Hex_Tile.uasset" to "../../../../../../Users/TheSphericalCat/Documents/Unreal Projects/ProjectApple/Content/StarterContent/Materials/M_Tech_Hex_Tile.uasset"
[2015.10.10-16.16.01:248][  0]LogPackFactory: Copied "../../../Samples/StarterContent/Content/StarterContent/Materials/M_Tech_Hex_Tile_Pulse.uasset" to "../../../../../../Users/TheSphericalCat/Documents/Unreal Projects/ProjectApple/Content/StarterContent/Materials/M_Tech_Hex_Tile_Pulse.uasset"
[2015.10.10-16.16.01:356][  0]LogPackFactory: Copied "../../../Samples/StarterContent/Content/StarterContent/Materials/M_Tech_Panel.uasset" to "../../../../../../Users/TheSphericalCat/Documents/Unreal Projects/ProjectApple/Content/StarterContent/Materials/M_Tech_Panel.uasset"
[2015.10.10-16.16.01:365][  0]LogPackFactory: Copied "../../../Samples/StarterContent/Content/StarterContent/Materials/M_Water_Lake.uasset" to "../../../../../../Users/TheSphericalCat/Documents/Unreal Projects/ProjectApple/Content/StarterContent/Materials/M_Water_Lake.uasset"
[2015.10.10-16.16.01:502][  0]LogPackFactory: Copied "../../../Samples/StarterContent/Content/StarterContent/Materials/M_Water_Ocean.uasset" to "../../../../../../Users/TheSphericalCat/Documents/Unreal Projects/ProjectApple/Content/StarterContent/Materials/M_Water_Ocean.uasset"
[2015.10.10-16.16.01:626][  0]LogPackFactory: Copied "../../../Samples/StarterContent/Content/StarterContent/Materials/M_Wood_Floor_Walnut_Polished.uasset" to "../../../../../../Users/TheSphericalCat/Documents/Unreal Projects/ProjectApple/Content/StarterContent/Materials/M_Wood_Floor_Walnut_Polished.uasset"
[2015.10.10-16.16.01:636][  0]LogPackFactory: Copied "../../../Samples/StarterContent/Content/StarterContent/Materials/M_Wood_Floor_Walnut_Worn.uasset" to "../../../../../../Users/TheSphericalCat/Documents/Unreal Projects/ProjectApple/Content/StarterContent/Materials/M_Wood_Floor_Walnut_Worn.uasset"
[2015.10.10-16.16.01:750][  0]LogPackFactory: Copied "../../../Samples/StarterContent/Content/StarterContent/Materials/M_Wood_Oak.uasset" to "../../../../../../Users/TheSphericalCat/Documents/Unreal Projects/ProjectApple/Content/StarterContent/Materials/M_Wood_Oak.uasset"
[2015.10.10-16.16.01:829][  0]LogPackFactory: Copied "../../../Samples/StarterContent/Content/StarterContent/Materials/M_Wood_Pine.uasset" to "../../../../../../Users/TheSphericalCat/Documents/Unreal Projects/ProjectApple/Content/StarterContent/Materials/M_Wood_Pine.uasset"
[2015.10.10-16.16.01:917][  0]LogPackFactory: Copied "../../../Samples/StarterContent/Content/StarterContent/Materials/M_Wood_Walnut.uasset" to "../../../../../../Users/TheSphericalCat/Documents/Unreal Projects/ProjectApple/Content/StarterContent/Materials/M_Wood_Walnut.uasset"
[2015.10.10-16.16.01:983][  0]LogPackFactory: Copied "../../../Samples/StarterContent/Content/StarterContent/Particles/P_Ambient_Dust.uasset" to "../../../../../../Users/TheSphericalCat/Documents/Unreal Projects/ProjectApple/Content/StarterContent/Particles/P_Ambient_Dust.uasset"
[2015.10.10-16.16.02:053][  0]LogPackFactory: Copied "../../../Samples/StarterContent/Content/StarterContent/Particles/P_Explosion.uasset" to "../../../../../../Users/TheSphericalCat/Documents/Unreal Projects/ProjectApple/Content/StarterContent/Particles/P_Explosion.uasset"
[2015.10.10-16.16.02:194][  0]LogPackFactory: Copied "../../../Samples/StarterContent/Content/StarterContent/Particles/P_Fire.uasset" to "../../../../../../Users/TheSphericalCat/Documents/Unreal Projects/ProjectApple/Content/StarterContent/Particles/P_Fire.uasset"
[2015.10.10-16.16.02:247][  0]LogPackFactory: Copied "../../../Samples/StarterContent/Content/StarterContent/Particles/P_Smoke.uasset" to "../../../../../../Users/TheSphericalCat/Documents/Unreal Projects/ProjectApple/Content/StarterContent/Particles/P_Smoke.uasset"
[2015.10.10-16.16.02:413][  0]LogPackFactory: Copied "../../../Samples/StarterContent/Content/StarterContent/Particles/P_Sparks.uasset" to "../../../../../../Users/TheSphericalCat/Documents/Unreal Projects/ProjectApple/Content/StarterContent/Particles/P_Sparks.uasset"
[2015.10.10-16.16.02:475][  0]LogPackFactory: Copied "../../../Samples/StarterContent/Content/StarterContent/Particles/P_Steam_Lit.uasset" to "../../../../../../Users/TheSphericalCat/Documents/Unreal Projects/ProjectApple/Content/StarterContent/Particles/P_Steam_Lit.uasset"
[2015.10.10-16.16.02:602][  0]LogPackFactory: Copied "../../../Samples/StarterContent/Content/StarterContent/Particles/Materials/M_Burst.uasset" to "../../../../../../Users/TheSphericalCat/Documents/Unreal Projects/ProjectApple/Content/StarterContent/Particles/Materials/M_Burst.uasset"
[2015.10.10-16.16.02:675][  0]LogPackFactory: Copied "../../../Samples/StarterContent/Content/StarterContent/Particles/Materials/M_Dust_Particle.uasset" to "../../../../../../Users/TheSphericalCat/Documents/Unreal Projects/ProjectApple/Content/StarterContent/Particles/Materials/M_Dust_Particle.uasset"
[2015.10.10-16.16.02:819][  0]LogPackFactory: Copied "../../../Samples/StarterContent/Content/StarterContent/Particles/Materials/M_explosion_subUV.uasset" to "../../../../../../Users/TheSphericalCat/Documents/Unreal Projects/ProjectApple/Content/StarterContent/Particles/Materials/M_explosion_subUV.uasset"
[2015.10.10-16.16.02:903][  0]LogPackFactory: Copied "../../../Samples/StarterContent/Content/StarterContent/Particles/Materials/M_Fire_SubUV.uasset" to "../../../../../../Users/TheSphericalCat/Documents/Unreal Projects/ProjectApple/Content/StarterContent/Particles/Materials/M_Fire_SubUV.uasset"
[2015.10.10-16.16.02:948][  0]LogPackFactory: Copied "../../../Samples/StarterContent/Content/StarterContent/Particles/Materials/m_flare_01.uasset" to "../../../../../../Users/TheSphericalCat/Documents/Unreal Projects/ProjectApple/Content/StarterContent/Particles/Materials/m_flare_01.uasset"
[2015.10.10-16.16.03:008][  0]LogPackFactory: Copied "../../../Samples/StarterContent/Content/StarterContent/Particles/Materials/M_Heat_Distortion.uasset" to "../../../../../../Users/TheSphericalCat/Documents/Unreal Projects/ProjectApple/Content/StarterContent/Particles/Materials/M_Heat_Distortion.uasset"
[2015.10.10-16.16.03:073][  0]LogPackFactory: Copied "../../../Samples/StarterContent/Content/StarterContent/Particles/Materials/M_Radial_Gradient.uasset" to "../../../../../../Users/TheSphericalCat/Documents/Unreal Projects/ProjectApple/Content/StarterContent/Particles/Materials/M_Radial_Gradient.uasset"
[2015.10.10-16.16.03:078][  0]LogPackFactory: Copied "../../../Samples/StarterContent/Content/StarterContent/Particles/Materials/M_radial_ramp.uasset" to "../../../../../../Users/TheSphericalCat/Documents/Unreal Projects/ProjectApple/Content/StarterContent/Particles/Materials/M_radial_ramp.uasset"
[2015.10.10-16.16.03:135][  0]LogPackFactory: Copied "../../../Samples/StarterContent/Content/StarterContent/Particles/Materials/M_smoke_subUV.uasset" to "../../../../../../Users/TheSphericalCat/Documents/Unreal Projects/ProjectApple/Content/StarterContent/Particles/Materials/M_smoke_subUV.uasset"
[2015.10.10-16.16.03:157][  0]LogPackFactory: Copied "../../../Samples/StarterContent/Content/StarterContent/Particles/Materials/M_Spark.uasset" to "../../../../../../Users/TheSphericalCat/Documents/Unreal Projects/ProjectApple/Content/StarterContent/Particles/Materials/M_Spark.uasset"
[2015.10.10-16.16.03:258][  0]LogPackFactory: Copied "../../../Samples/StarterContent/Content/StarterContent/Props/MaterialSphere.uasset" to "../../../../../../Users/TheSphericalCat/Documents/Unreal Projects/ProjectApple/Content/StarterContent/Props/MaterialSphere.uasset"
[2015.10.10-16.16.03:380][  0]LogPackFactory: Copied "../../../Samples/StarterContent/Content/StarterContent/Props/SM_Bush.uasset" to "../../../../../../Users/TheSphericalCat/Documents/Unreal Projects/ProjectApple/Content/StarterContent/Props/SM_Bush.uasset"
[2015.10.10-16.16.03:446][  0]LogPackFactory: Copied "../../../Samples/StarterContent/Content/StarterContent/Props/SM_Chair.uasset" to "../../../../../../Users/TheSphericalCat/Documents/Unreal Projects/ProjectApple/Content/StarterContent/Props/SM_Chair.uasset"
[2015.10.10-16.16.03:630][  0]LogPackFactory: Copied "../../../Samples/StarterContent/Content/StarterContent/Props/SM_CornerFrame.uasset" to "../../../../../../Users/TheSphericalCat/Documents/Unreal Projects/ProjectApple/Content/StarterContent/Props/SM_CornerFrame.uasset"
[2015.10.10-16.16.03:889][  0]LogPackFactory: Copied "../../../Samples/StarterContent/Content/StarterContent/Props/SM_Couch.uasset" to "../../../../../../Users/TheSphericalCat/Documents/Unreal Projects/ProjectApple/Content/StarterContent/Props/SM_Couch.uasset"
[2015.10.10-16.16.03:985][  0]LogPackFactory: Copied "../../../Samples/StarterContent/Content/StarterContent/Props/SM_Door.uasset" to "../../../../../../Users/TheSphericalCat/Documents/Unreal Projects/ProjectApple/Content/StarterContent/Props/SM_Door.uasset"
[2015.10.10-16.16.04:060][  0]LogPackFactory: Copied "../../../Samples/StarterContent/Content/StarterContent/Props/SM_DoorFrame.uasset" to "../../../../../../Users/TheSphericalCat/Documents/Unreal Projects/ProjectApple/Content/StarterContent/Props/SM_DoorFrame.uasset"
[2015.10.10-16.16.04:088][  0]LogPackFactory: Copied "../../../Samples/StarterContent/Content/StarterContent/Props/SM_GlassWindow.uasset" to "../../../../../../Users/TheSphericalCat/Documents/Unreal Projects/ProjectApple/Content/StarterContent/Props/SM_GlassWindow.uasset"
[2015.10.10-16.16.04:130][  0]LogPackFactory: Copied "../../../Samples/StarterContent/Content/StarterContent/Props/SM_Lamp_Ceiling.uasset" to "../../../../../../Users/TheSphericalCat/Documents/Unreal Projects/ProjectApple/Content/StarterContent/Props/SM_Lamp_Ceiling.uasset"
[2015.10.10-16.16.04:222][  0]LogPackFactory: Copied "../../../Samples/StarterContent/Content/StarterContent/Props/SM_Lamp_Wall.uasset" to "../../../../../../Users/TheSphericalCat/Documents/Unreal Projects/ProjectApple/Content/StarterContent/Props/SM_Lamp_Wall.uasset"
[2015.10.10-16.16.04:585][  0]LogPackFactory: Copied "../../../Samples/StarterContent/Content/StarterContent/Props/SM_MatPreviewMesh_02.uasset" to "../../../../../../Users/TheSphericalCat/Documents/Unreal Projects/ProjectApple/Content/StarterContent/Props/SM_MatPreviewMesh_02.uasset"
[2015.10.10-16.16.04:669][  0]LogPackFactory: Copied "../../../Samples/StarterContent/Content/StarterContent/Props/SM_PillarFrame.uasset" to "../../../../../../Users/TheSphericalCat/Documents/Unreal Projects/ProjectApple/Content/StarterContent/Props/SM_PillarFrame.uasset"
[2015.10.10-16.16.04:708][  0]LogPackFactory: Copied "../../../Samples/StarterContent/Content/StarterContent/Props/SM_PillarFrame300.uasset" to "../../../../../../Users/TheSphericalCat/Documents/Unreal Projects/ProjectApple/Content/StarterContent/Props/SM_PillarFrame300.uasset"
[2015.10.10-16.16.04:721][  0]LogPackFactory: Copied "../../../Samples/StarterContent/Content/StarterContent/Props/SM_Rock.uasset" to "../../../../../../Users/TheSphericalCat/Documents/Unreal Projects/ProjectApple/Content/StarterContent/Props/SM_Rock.uasset"
[2015.10.10-16.16.04:757][  0]LogPackFactory: Copied "../../../Samples/StarterContent/Content/StarterContent/Props/SM_Shelf.uasset" to "../../../../../../Users/TheSphericalCat/Documents/Unreal Projects/ProjectApple/Content/StarterContent/Props/SM_Shelf.uasset"
[2015.10.10-16.16.04:786][  0]LogPackFactory: Copied "../../../Samples/StarterContent/Content/StarterContent/Props/SM_Stairs.uasset" to "../../../../../../Users/TheSphericalCat/Documents/Unreal Projects/ProjectApple/Content/StarterContent/Props/SM_Stairs.uasset"
[2015.10.10-16.16.04:873][  0]LogPackFactory: Copied "../../../Samples/StarterContent/Content/StarterContent/Props/SM_Statue.uasset" to "../../../../../../Users/TheSphericalCat/Documents/Unreal Projects/ProjectApple/Content/StarterContent/Props/SM_Statue.uasset"
[2015.10.10-16.16.04:940][  0]LogPackFactory: Copied "../../../Samples/StarterContent/Content/StarterContent/Props/SM_TableRound.uasset" to "../../../../../../Users/TheSphericalCat/Documents/Unreal Projects/ProjectApple/Content/StarterContent/Props/SM_TableRound.uasset"
[2015.10.10-16.16.04:945][  0]LogPackFactory: Copied "../../../Samples/StarterContent/Content/StarterContent/Props/SM_WindowFrame.uasset" to "../../../../../../Users/TheSphericalCat/Documents/Unreal Projects/ProjectApple/Content/StarterContent/Props/SM_WindowFrame.uasset"
[2015.10.10-16.16.05:049][  0]LogPackFactory: Copied "../../../Samples/StarterContent/Content/StarterContent/Props/Materials/M_Bush.uasset" to "../../../../../../Users/TheSphericalCat/Documents/Unreal Projects/ProjectApple/Content/StarterContent/Props/Materials/M_Bush.uasset"
[2015.10.10-16.16.05:079][  0]LogPackFactory: Copied "../../../Samples/StarterContent/Content/StarterContent/Props/Materials/M_Chair.uasset" to "../../../../../../Users/TheSphericalCat/Documents/Unreal Projects/ProjectApple/Content/StarterContent/Props/Materials/M_Chair.uasset"
[2015.10.10-16.16.05:096][  0]LogPackFactory: Copied "../../../Samples/StarterContent/Content/StarterContent/Props/Materials/M_Door.uasset" to "../../../../../../Users/TheSphericalCat/Documents/Unreal Projects/ProjectApple/Content/StarterContent/Props/Materials/M_Door.uasset"
[2015.10.10-16.16.05:101][  0]LogPackFactory: Copied "../../../Samples/StarterContent/Content/StarterContent/Props/Materials/M_Frame.uasset" to "../../../../../../Users/TheSphericalCat/Documents/Unreal Projects/ProjectApple/Content/StarterContent/Props/Materials/M_Frame.uasset"
[2015.10.10-16.16.05:154][  0]LogPackFactory: Copied "../../../Samples/StarterContent/Content/StarterContent/Props/Materials/M_Lamp.uasset" to "../../../../../../Users/TheSphericalCat/Documents/Unreal Projects/ProjectApple/Content/StarterContent/Props/Materials/M_Lamp.uasset"
[2015.10.10-16.16.05:363][  0]LogPackFactory: Copied "../../../Samples/StarterContent/Content/StarterContent/Props/Materials/M_MaterialSphere.uasset" to "../../../../../../Users/TheSphericalCat/Documents/Unreal Projects/ProjectApple/Content/StarterContent/Props/Materials/M_MaterialSphere.uasset"
[2015.10.10-16.16.05:386][  0]LogPackFactory: Copied "../../../Samples/StarterContent/Content/StarterContent/Props/Materials/M_MaterialSphere_Plain.uasset" to "../../../../../../Users/TheSphericalCat/Documents/Unreal Projects/ProjectApple/Content/StarterContent/Props/Materials/M_MaterialSphere_Plain.uasset"
[2015.10.10-16.16.05:475][  0]LogPackFactory: Copied "../../../Samples/StarterContent/Content/StarterContent/Props/Materials/M_Rock.uasset" to "../../../../../../Users/TheSphericalCat/Documents/Unreal Projects/ProjectApple/Content/StarterContent/Props/Materials/M_Rock.uasset"
[2015.10.10-16.16.05:513][  0]LogPackFactory: Copied "../../../Samples/StarterContent/Content/StarterContent/Props/Materials/M_Shelf.uasset" to "../../../../../../Users/TheSphericalCat/Documents/Unreal Projects/ProjectApple/Content/StarterContent/Props/Materials/M_Shelf.uasset"
[2015.10.10-16.16.05:547][  0]LogPackFactory: Copied "../../../Samples/StarterContent/Content/StarterContent/Props/Materials/M_Statue.uasset" to "../../../../../../Users/TheSphericalCat/Documents/Unreal Projects/ProjectApple/Content/StarterContent/Props/Materials/M_Statue.uasset"
[2015.10.10-16.16.05:555][  0]LogPackFactory: Copied "../../../Samples/StarterContent/Content/StarterContent/Props/Materials/M_StatueGlass.uasset" to "../../../../../../Users/TheSphericalCat/Documents/Unreal Projects/ProjectApple/Content/StarterContent/Props/Materials/M_StatueGlass.uasset"
[2015.10.10-16.16.05:564][  0]LogPackFactory: Copied "../../../Samples/StarterContent/Content/StarterContent/Props/Materials/M_TableRound.uasset" to "../../../../../../Users/TheSphericalCat/Documents/Unreal Projects/ProjectApple/Content/StarterContent/Props/Materials/M_TableRound.uasset"
[2015.10.10-16.16.05:631][  0]LogPackFactory: Copied "../../../Samples/StarterContent/Content/StarterContent/Shapes/Shape_Cone.uasset" to "../../../../../../Users/TheSphericalCat/Documents/Unreal Projects/ProjectApple/Content/StarterContent/Shapes/Shape_Cone.uasset"
[2015.10.10-16.16.05:727][  0]LogPackFactory: Copied "../../../Samples/StarterContent/Content/StarterContent/Shapes/Shape_Cube.uasset" to "../../../../../../Users/TheSphericalCat/Documents/Unreal Projects/ProjectApple/Content/StarterContent/Shapes/Shape_Cube.uasset"
[2015.10.10-16.16.05:863][  0]LogPackFactory: Copied "../../../Samples/StarterContent/Content/StarterContent/Shapes/Shape_Cylinder.uasset" to "../../../../../../Users/TheSphericalCat/Documents/Unreal Projects/ProjectApple/Content/StarterContent/Shapes/Shape_Cylinder.uasset"
[2015.10.10-16.16.06:045][  0]LogPackFactory: Copied "../../../Samples/StarterContent/Content/StarterContent/Shapes/Shape_NarrowCapsule.uasset" to "../../../../../../Users/TheSphericalCat/Documents/Unreal Projects/ProjectApple/Content/StarterContent/Shapes/Shape_NarrowCapsule.uasset"
[2015.10.10-16.16.06:050][  0]LogPackFactory: Copied "../../../Samples/StarterContent/Content/StarterContent/Shapes/Shape_Pipe.uasset" to "../../../../../../Users/TheSphericalCat/Documents/Unreal Projects/ProjectApple/Content/StarterContent/Shapes/Shape_Pipe.uasset"
[2015.10.10-16.16.06:056][  0]LogPackFactory: Copied "../../../Samples/StarterContent/Content/StarterContent/Shapes/Shape_Pipe_180.uasset" to "../../../../../../Users/TheSphericalCat/Documents/Unreal Projects/ProjectApple/Content/StarterContent/Shapes/Shape_Pipe_180.uasset"
[2015.10.10-16.16.06:104][  0]LogPackFactory: Copied "../../../Samples/StarterContent/Content/StarterContent/Shapes/Shape_Pipe_90.uasset" to "../../../../../../Users/TheSphericalCat/Documents/Unreal Projects/ProjectApple/Content/StarterContent/Shapes/Shape_Pipe_90.uasset"
[2015.10.10-16.16.06:134][  0]LogPackFactory: Copied "../../../Samples/StarterContent/Content/StarterContent/Shapes/Shape_Plane.uasset" to "../../../../../../Users/TheSphericalCat/Documents/Unreal Projects/ProjectApple/Content/StarterContent/Shapes/Shape_Plane.uasset"
[2015.10.10-16.16.06:177][  0]LogPackFactory: Copied "../../../Samples/StarterContent/Content/StarterContent/Shapes/Shape_QuadPyramid.uasset" to "../../../../../../Users/TheSphericalCat/Documents/Unreal Projects/ProjectApple/Content/StarterContent/Shapes/Shape_QuadPyramid.uasset"
[2015.10.10-16.16.06:283][  0]LogPackFactory: Copied "../../../Samples/StarterContent/Content/StarterContent/Shapes/Shape_Sphere.uasset" to "../../../../../../Users/TheSphericalCat/Documents/Unreal Projects/ProjectApple/Content/StarterContent/Shapes/Shape_Sphere.uasset"
[2015.10.10-16.16.06:527][  0]LogPackFactory: Copied "../../../Samples/StarterContent/Content/StarterContent/Shapes/Shape_Torus.uasset" to "../../../../../../Users/TheSphericalCat/Documents/Unreal Projects/ProjectApple/Content/StarterContent/Shapes/Shape_Torus.uasset"
[2015.10.10-16.16.06:537][  0]LogPackFactory: Copied "../../../Samples/StarterContent/Content/StarterContent/Shapes/Shape_Trim.uasset" to "../../../../../../Users/TheSphericalCat/Documents/Unreal Projects/ProjectApple/Content/StarterContent/Shapes/Shape_Trim.uasset"
[2015.10.10-16.16.06:612][  0]LogPackFactory: Copied "../../../Samples/StarterContent/Content/StarterContent/Shapes/Shape_Trim_90_In.uasset" to "../../../../../../Users/TheSphericalCat/Documents/Unreal Projects/ProjectApple/Content/StarterContent/Shapes/Shape_Trim_90_In.uasset"
[2015.10.10-16.16.06:642][  0]LogPackFactory: Copied "../../../Samples/StarterContent/Content/StarterContent/Shapes/Shape_Trim_90_Out.uasset" to "../../../../../../Users/TheSphericalCat/Documents/Unreal Projects/ProjectApple/Content/StarterContent/Shapes/Shape_Trim_90_Out.uasset"
[2015.10.10-16.16.06:663][  0]LogPackFactory: Copied "../../../Samples/StarterContent/Content/StarterContent/Shapes/Shape_TriPyramid.uasset" to "../../../../../../Users/TheSphericalCat/Documents/Unreal Projects/ProjectApple/Content/StarterContent/Shapes/Shape_TriPyramid.uasset"
[2015.10.10-16.16.06:753][  0]LogPackFactory: Copied "../../../Samples/StarterContent/Content/StarterContent/Shapes/Shape_Tube.uasset" to "../../../../../../Users/TheSphericalCat/Documents/Unreal Projects/ProjectApple/Content/StarterContent/Shapes/Shape_Tube.uasset"
[2015.10.10-16.16.06:780][  0]LogPackFactory: Copied "../../../Samples/StarterContent/Content/StarterContent/Shapes/Shape_Wedge_A.uasset" to "../../../../../../Users/TheSphericalCat/Documents/Unreal Projects/ProjectApple/Content/StarterContent/Shapes/Shape_Wedge_A.uasset"
[2015.10.10-16.16.06:881][  0]LogPackFactory: Copied "../../../Samples/StarterContent/Content/StarterContent/Shapes/Shape_Wedge_B.uasset" to "../../../../../../Users/TheSphericalCat/Documents/Unreal Projects/ProjectApple/Content/StarterContent/Shapes/Shape_Wedge_B.uasset"
[2015.10.10-16.16.06:957][  0]LogPackFactory: Copied "../../../Samples/StarterContent/Content/StarterContent/Shapes/Shape_WideCapsule.uasset" to "../../../../../../Users/TheSphericalCat/Documents/Unreal Projects/ProjectApple/Content/StarterContent/Shapes/Shape_WideCapsule.uasset"
[2015.10.10-16.16.07:728][  0]LogPackFactory: Copied "../../../Samples/StarterContent/Content/StarterContent/Textures/T_Brick_Clay_Beveled_D.uasset" to "../../../../../../Users/TheSphericalCat/Documents/Unreal Projects/ProjectApple/Content/StarterContent/Textures/T_Brick_Clay_Beveled_D.uasset"
[2015.10.10-16.16.09:193][  0]LogPackFactory: Copied "../../../Samples/StarterContent/Content/StarterContent/Textures/T_Brick_Clay_Beveled_M.uasset" to "../../../../../../Users/TheSphericalCat/Documents/Unreal Projects/ProjectApple/Content/StarterContent/Textures/T_Brick_Clay_Beveled_M.uasset"
[2015.10.10-16.16.10:262][  0]LogPackFactory: Copied "../../../Samples/StarterContent/Content/StarterContent/Textures/T_Brick_Clay_Beveled_N.uasset" to "../../../../../../Users/TheSphericalCat/Documents/Unreal Projects/ProjectApple/Content/StarterContent/Textures/T_Brick_Clay_Beveled_N.uasset"
[2015.10.10-16.16.10:882][  0]LogPackFactory: Copied "../../../Samples/StarterContent/Content/StarterContent/Textures/T_Brick_Clay_New_D.uasset" to "../../../../../../Users/TheSphericalCat/Documents/Unreal Projects/ProjectApple/Content/StarterContent/Textures/T_Brick_Clay_New_D.uasset"
[2015.10.10-16.16.11:962][  0]LogPackFactory: Copied "../../../Samples/StarterContent/Content/StarterContent/Textures/T_Brick_Clay_New_M.uasset" to "../../../../../../Users/TheSphericalCat/Documents/Unreal Projects/ProjectApple/Content/StarterContent/Textures/T_Brick_Clay_New_M.uasset"
[2015.10.10-16.16.13:003][  0]LogPackFactory: Copied "../../../Samples/StarterContent/Content/StarterContent/Textures/T_Brick_Clay_New_N.uasset" to "../../../../../../Users/TheSphericalCat/Documents/Unreal Projects/ProjectApple/Content/StarterContent/Textures/T_Brick_Clay_New_N.uasset"
[2015.10.10-16.16.15:402][  0]LogPackFactory: Copied "../../../Samples/StarterContent/Content/StarterContent/Textures/T_Brick_Clay_Old_D.uasset" to "../../../../../../Users/TheSphericalCat/Documents/Unreal Projects/ProjectApple/Content/StarterContent/Textures/T_Brick_Clay_Old_D.uasset"
[2015.10.10-16.16.17:887][  0]LogPackFactory: Copied "../../../Samples/StarterContent/Content/StarterContent/Textures/T_Brick_Clay_Old_N.uasset" to "../../../../../../Users/TheSphericalCat/Documents/Unreal Projects/ProjectApple/Content/StarterContent/Textures/T_Brick_Clay_Old_N.uasset"
[2015.10.10-16.16.19:696][  0]LogPackFactory: Copied "../../../Samples/StarterContent/Content/StarterContent/Textures/T_Brick_Cut_Stone_D.uasset" to "../../../../../../Users/TheSphericalCat/Documents/Unreal Projects/ProjectApple/Content/StarterContent/Textures/T_Brick_Cut_Stone_D.uasset"
[2015.10.10-16.16.20:023][  0]LogPackFactory: Copied "../../../Samples/StarterContent/Content/StarterContent/Textures/T_Brick_Cut_Stone_N.uasset" to "../../../../../../Users/TheSphericalCat/Documents/Unreal Projects/ProjectApple/Content/StarterContent/Textures/T_Brick_Cut_Stone_N.uasset"
[2015.10.10-16.16.20:975][  0]LogPackFactory: Copied "../../../Samples/StarterContent/Content/StarterContent/Textures/T_Brick_Hewn_Stone_D.uasset" to "../../../../../../Users/TheSphericalCat/Documents/Unreal Projects/ProjectApple/Content/StarterContent/Textures/T_Brick_Hewn_Stone_D.uasset"
[2015.10.10-16.16.21:553][  0]LogPackFactory: Copied "../../../Samples/StarterContent/Content/StarterContent/Textures/T_Brick_Hewn_Stone_M.uasset" to "../../../../../../Users/TheSphericalCat/Documents/Unreal Projects/ProjectApple/Content/StarterContent/Textures/T_Brick_Hewn_Stone_M.uasset"
[2015.10.10-16.16.22:090][  0]LogPackFactory: Copied "../../../Samples/StarterContent/Content/StarterContent/Textures/T_Brick_Hewn_Stone_N.uasset" to "../../../../../../Users/TheSphericalCat/Documents/Unreal Projects/ProjectApple/Content/StarterContent/Textures/T_Brick_Hewn_Stone_N.uasset"
[2015.10.10-16.16.22:553][  0]LogPackFactory: Copied "../../../Samples/StarterContent/Content/StarterContent/Textures/T_Burst_M.uasset" to "../../../../../../Users/TheSphericalCat/Documents/Unreal Projects/ProjectApple/Content/StarterContent/Textures/T_Burst_M.uasset"
[2015.10.10-16.16.22:891][  0]LogPackFactory: Copied "../../../Samples/StarterContent/Content/StarterContent/Textures/T_Bush_D.uasset" to "../../../../../../Users/TheSphericalCat/Documents/Unreal Projects/ProjectApple/Content/StarterContent/Textures/T_Bush_D.uasset"
[2015.10.10-16.16.22:931][  0]LogPackFactory: Copied "../../../Samples/StarterContent/Content/StarterContent/Textures/T_Bush_N.uasset" to "../../../../../../Users/TheSphericalCat/Documents/Unreal Projects/ProjectApple/Content/StarterContent/Textures/T_Bush_N.uasset"
[2015.10.10-16.16.23:150][  0]LogPackFactory: Copied "../../../Samples/StarterContent/Content/StarterContent/Textures/T_Ceramic_Tile_M.uasset" to "../../../../../../Users/TheSphericalCat/Documents/Unreal Projects/ProjectApple/Content/StarterContent/Textures/T_Ceramic_Tile_M.uasset"
[2015.10.10-16.16.23:315][  0]LogPackFactory: Copied "../../../Samples/StarterContent/Content/StarterContent/Textures/T_Ceramic_Tile_N.uasset" to "../../../../../../Users/TheSphericalCat/Documents/Unreal Projects/ProjectApple/Content/StarterContent/Textures/T_Ceramic_Tile_N.uasset"
[2015.10.10-16.16.23:502][  0]LogPackFactory: Copied "../../../Samples/StarterContent/Content/StarterContent/Textures/T_Chair_M.uasset" to "../../../../../../Users/TheSphericalCat/Documents/Unreal Projects/ProjectApple/Content/StarterContent/Textures/T_Chair_M.uasset"
[2015.10.10-16.16.23:623][  0]LogPackFactory: Copied "../../../Samples/StarterContent/Content/StarterContent/Textures/T_Chair_N.uasset" to "../../../../../../Users/TheSphericalCat/Documents/Unreal Projects/ProjectApple/Content/StarterContent/Textures/T_Chair_N.uasset"
[2015.10.10-16.16.23:890][  0]LogPackFactory: Copied "../../../Samples/StarterContent/Content/StarterContent/Textures/T_Checker_Noise_M.uasset" to "../../../../../../Users/TheSphericalCat/Documents/Unreal Projects/ProjectApple/Content/StarterContent/Textures/T_Checker_Noise_M.uasset"
[2015.10.10-16.16.25:458][  0]LogPackFactory: Copied "../../../Samples/StarterContent/Content/StarterContent/Textures/T_CobbleStone_Pebble_D.uasset" to "../../../../../../Users/TheSphericalCat/Documents/Unreal Projects/ProjectApple/Content/StarterContent/Textures/T_CobbleStone_Pebble_D.uasset"
[2015.10.10-16.16.25:654][  0]LogPackFactory: Copied "../../../Samples/StarterContent/Content/StarterContent/Textures/T_CobbleStone_Pebble_M.uasset" to "../../../../../../Users/TheSphericalCat/Documents/Unreal Projects/ProjectApple/Content/StarterContent/Textures/T_CobbleStone_Pebble_M.uasset"
[2015.10.10-16.16.26:971][  0]LogPackFactory: Copied "../../../Samples/StarterContent/Content/StarterContent/Textures/T_CobbleStone_Pebble_N.uasset" to "../../../../../../Users/TheSphericalCat/Documents/Unreal Projects/ProjectApple/Content/StarterContent/Textures/T_CobbleStone_Pebble_N.uasset"
[2015.10.10-16.16.27:485][  0]LogPackFactory: Copied "../../../Samples/StarterContent/Content/StarterContent/Textures/T_CobbleStone_Rough_D.uasset" to "../../../../../../Users/TheSphericalCat/Documents/Unreal Projects/ProjectApple/Content/StarterContent/Textures/T_CobbleStone_Rough_D.uasset"
[2015.10.10-16.16.27:837][  0]LogPackFactory: Copied "../../../Samples/StarterContent/Content/StarterContent/Textures/T_CobbleStone_Rough_N.uasset" to "../../../../../../Users/TheSphericalCat/Documents/Unreal Projects/ProjectApple/Content/StarterContent/Textures/T_CobbleStone_Rough_N.uasset"
[2015.10.10-16.16.28:136][  0]LogPackFactory: Copied "../../../Samples/StarterContent/Content/StarterContent/Textures/T_CobbleStone_Smooth_D.uasset" to "../../../../../../Users/TheSphericalCat/Documents/Unreal Projects/ProjectApple/Content/StarterContent/Textures/T_CobbleStone_Smooth_D.uasset"
[2015.10.10-16.16.28:911][  0]LogPackFactory: Copied "../../../Samples/StarterContent/Content/StarterContent/Textures/T_CobbleStone_Smooth_M.uasset" to "../../../../../../Users/TheSphericalCat/Documents/Unreal Projects/ProjectApple/Content/StarterContent/Textures/T_CobbleStone_Smooth_M.uasset"
[2015.10.10-16.16.29:577][  0]LogPackFactory: Copied "../../../Samples/StarterContent/Content/StarterContent/Textures/T_CobbleStone_Smooth_N.uasset" to "../../../../../../Users/TheSphericalCat/Documents/Unreal Projects/ProjectApple/Content/StarterContent/Textures/T_CobbleStone_Smooth_N.uasset"
[2015.10.10-16.16.30:787][  0]LogPackFactory: Copied "../../../Samples/StarterContent/Content/StarterContent/Textures/T_Concrete_Grime_D.uasset" to "../../../../../../Users/TheSphericalCat/Documents/Unreal Projects/ProjectApple/Content/StarterContent/Textures/T_Concrete_Grime_D.uasset"
[2015.10.10-16.16.31:787][  0]LogPackFactory: Copied "../../../Samples/StarterContent/Content/StarterContent/Textures/T_Concrete_Panels_D.uasset" to "../../../../../../Users/TheSphericalCat/Documents/Unreal Projects/ProjectApple/Content/StarterContent/Textures/T_Concrete_Panels_D.uasset"
[2015.10.10-16.16.33:693][  0]LogPackFactory: Copied "../../../Samples/StarterContent/Content/StarterContent/Textures/T_Concrete_Panels_N.uasset" to "../../../../../../Users/TheSphericalCat/Documents/Unreal Projects/ProjectApple/Content/StarterContent/Textures/T_Concrete_Panels_N.uasset"
[2015.10.10-16.16.35:311][  0]LogPackFactory: Copied "../../../Samples/StarterContent/Content/StarterContent/Textures/T_Concrete_Poured_D.uasset" to "../../../../../../Users/TheSphericalCat/Documents/Unreal Projects/ProjectApple/Content/StarterContent/Textures/T_Concrete_Poured_D.uasset"
[2015.10.10-16.16.36:221][  0]LogPackFactory: Copied "../../../Samples/StarterContent/Content/StarterContent/Textures/T_Concrete_Poured_N.uasset" to "../../../../../../Users/TheSphericalCat/Documents/Unreal Projects/ProjectApple/Content/StarterContent/Textures/T_Concrete_Poured_N.uasset"
[2015.10.10-16.16.36:816][  0]LogPackFactory: Copied "../../../Samples/StarterContent/Content/StarterContent/Textures/T_Concrete_Tiles_D.uasset" to "../../../../../../Users/TheSphericalCat/Documents/Unreal Projects/ProjectApple/Content/StarterContent/Textures/T_Concrete_Tiles_D.uasset"
[2015.10.10-16.16.37:290][  0]LogPackFactory: Copied "../../../Samples/StarterContent/Content/StarterContent/Textures/T_Concrete_Tiles_M.uasset" to "../../../../../../Users/TheSphericalCat/Documents/Unreal Projects/ProjectApple/Content/StarterContent/Textures/T_Concrete_Tiles_M.uasset"
[2015.10.10-16.16.38:345][  0]LogPackFactory: Copied "../../../Samples/StarterContent/Content/StarterContent/Textures/T_Concrete_Tiles_N.uasset" to "../../../../../../Users/TheSphericalCat/Documents/Unreal Projects/ProjectApple/Content/StarterContent/Textures/T_Concrete_Tiles_N.uasset"
[2015.10.10-16.16.38:376][  0]LogPackFactory: Copied "../../../Samples/StarterContent/Content/StarterContent/Textures/T_Concrete_Tiles_Variation_M.uasset" to "../../../../../../Users/TheSphericalCat/Documents/Unreal Projects/ProjectApple/Content/StarterContent/Textures/T_Concrete_Tiles_Variation_M.uasset"
[2015.10.10-16.16.38:725][  0]LogPackFactory: Copied "../../../Samples/StarterContent/Content/StarterContent/Textures/T_Detail_Rocky_N.uasset" to "../../../../../../Users/TheSphericalCat/Documents/Unreal Projects/ProjectApple/Content/StarterContent/Textures/T_Detail_Rocky_N.uasset"
[2015.10.10-16.16.38:907][  0]LogPackFactory: Copied "../../../Samples/StarterContent/Content/StarterContent/Textures/T_Door_M.uasset" to "../../../../../../Users/TheSphericalCat/Documents/Unreal Projects/ProjectApple/Content/StarterContent/Textures/T_Door_M.uasset"
[2015.10.10-16.16.39:323][  0]LogPackFactory: Copied "../../../Samples/StarterContent/Content/StarterContent/Textures/T_Door_N.uasset" to "../../../../../../Users/TheSphericalCat/Documents/Unreal Projects/ProjectApple/Content/StarterContent/Textures/T_Door_N.uasset"
[2015.10.10-16.16.39:386][  0]LogPackFactory: Copied "../../../Samples/StarterContent/Content/StarterContent/Textures/T_Dust_Particle_D.uasset" to "../../../../../../Users/TheSphericalCat/Documents/Unreal Projects/ProjectApple/Content/StarterContent/Textures/T_Dust_Particle_D.uasset"
[2015.10.10-16.16.39:708][  0]LogPackFactory: Copied "../../../Samples/StarterContent/Content/StarterContent/Textures/T_Explosion_SubUV.uasset" to "../../../../../../Users/TheSphericalCat/Documents/Unreal Projects/ProjectApple/Content/StarterContent/Textures/T_Explosion_SubUV.uasset"
[2015.10.10-16.16.39:820][  0]LogPackFactory: Copied "../../../Samples/StarterContent/Content/StarterContent/Textures/T_Fire_SubUV.uasset" to "../../../../../../Users/TheSphericalCat/Documents/Unreal Projects/ProjectApple/Content/StarterContent/Textures/T_Fire_SubUV.uasset"
[2015.10.10-16.16.39:958][  0]LogPackFactory: Copied "../../../Samples/StarterContent/Content/StarterContent/Textures/T_Fire_Tiled_D.uasset" to "../../../../../../Users/TheSphericalCat/Documents/Unreal Projects/ProjectApple/Content/StarterContent/Textures/T_Fire_Tiled_D.uasset"
[2015.10.10-16.16.40:244][  0]LogPackFactory: Copied "../../../Samples/StarterContent/Content/StarterContent/Textures/T_Frame_M.uasset" to "../../../../../../Users/TheSphericalCat/Documents/Unreal Projects/ProjectApple/Content/StarterContent/Textures/T_Frame_M.uasset"
[2015.10.10-16.16.40:435][  0]LogPackFactory: Copied "../../../Samples/StarterContent/Content/StarterContent/Textures/T_Frame_N.uasset" to "../../../../../../Users/TheSphericalCat/Documents/Unreal Projects/ProjectApple/Content/StarterContent/Textures/T_Frame_N.uasset"
[2015.10.10-16.16.40:491][  0]LogPackFactory: Copied "../../../Samples/StarterContent/Content/StarterContent/Textures/T_Gradinet_01.uasset" to "../../../../../../Users/TheSphericalCat/Documents/Unreal Projects/ProjectApple/Content/StarterContent/Textures/T_Gradinet_01.uasset"
[2015.10.10-16.16.42:740][  0]LogPackFactory: Copied "../../../Samples/StarterContent/Content/StarterContent/Textures/T_Ground_Grass_D.uasset" to "../../../../../../Users/TheSphericalCat/Documents/Unreal Projects/ProjectApple/Content/StarterContent/Textures/T_Ground_Grass_D.uasset"
[2015.10.10-16.16.45:322][  0]LogPackFactory: Copied "../../../Samples/StarterContent/Content/StarterContent/Textures/T_Ground_Grass_N.uasset" to "../../../../../../Users/TheSphericalCat/Documents/Unreal Projects/ProjectApple/Content/StarterContent/Textures/T_Ground_Grass_N.uasset"
[2015.10.10-16.16.47:183][  0]LogPackFactory: Copied "../../../Samples/StarterContent/Content/StarterContent/Textures/T_Ground_Gravel_D.uasset" to "../../../../../../Users/TheSphericalCat/Documents/Unreal Projects/ProjectApple/Content/StarterContent/Textures/T_Ground_Gravel_D.uasset"
[2015.10.10-16.16.48:675][  0]LogPackFactory: Copied "../../../Samples/StarterContent/Content/StarterContent/Textures/T_Ground_Gravel_N.uasset" to "../../../../../../Users/TheSphericalCat/Documents/Unreal Projects/ProjectApple/Content/StarterContent/Textures/T_Ground_Gravel_N.uasset"
[2015.10.10-16.16.49:550][  0]LogPackFactory: Copied "../../../Samples/StarterContent/Content/StarterContent/Textures/T_ground_Moss_D.uasset" to "../../../../../../Users/TheSphericalCat/Documents/Unreal Projects/ProjectApple/Content/StarterContent/Textures/T_ground_Moss_D.uasset"
[2015.10.10-16.16.49:885][  0]LogPackFactory: Copied "../../../Samples/StarterContent/Content/StarterContent/Textures/T_Ground_Moss_N.uasset" to "../../../../../../Users/TheSphericalCat/Documents/Unreal Projects/ProjectApple/Content/StarterContent/Textures/T_Ground_Moss_N.uasset"
[2015.10.10-16.16.50:009][  0]LogPackFactory: Copied "../../../Samples/StarterContent/Content/StarterContent/Textures/T_Lamp_M.uasset" to "../../../../../../Users/TheSphericalCat/Documents/Unreal Projects/ProjectApple/Content/StarterContent/Textures/T_Lamp_M.uasset"
[2015.10.10-16.16.50:098][  0]LogPackFactory: Copied "../../../Samples/StarterContent/Content/StarterContent/Textures/T_Lamp_N.uasset" to "../../../../../../Users/TheSphericalCat/Documents/Unreal Projects/ProjectApple/Content/StarterContent/Textures/T_Lamp_N.uasset"
[2015.10.10-16.16.50:724][  0]LogPackFactory: Copied "../../../Samples/StarterContent/Content/StarterContent/Textures/T_MacroVariation.uasset" to "../../../../../../Users/TheSphericalCat/Documents/Unreal Projects/ProjectApple/Content/StarterContent/Textures/T_MacroVariation.uasset"
[2015.10.10-16.16.51:005][  0]LogPackFactory: Copied "../../../Samples/StarterContent/Content/StarterContent/Textures/T_Metal_Aluminum_D.uasset" to "../../../../../../Users/TheSphericalCat/Documents/Unreal Projects/ProjectApple/Content/StarterContent/Textures/T_Metal_Aluminum_D.uasset"
[2015.10.10-16.16.51:228][  0]LogPackFactory: Copied "../../../Samples/StarterContent/Content/StarterContent/Textures/T_Metal_Copper_D.uasset" to "../../../../../../Users/TheSphericalCat/Documents/Unreal Projects/ProjectApple/Content/StarterContent/Textures/T_Metal_Copper_D.uasset"
[2015.10.10-16.16.51:366][  0]LogPackFactory: Copied "../../../Samples/StarterContent/Content/StarterContent/Textures/T_Metal_Gold_D.uasset" to "../../../../../../Users/TheSphericalCat/Documents/Unreal Projects/ProjectApple/Content/StarterContent/Textures/T_Metal_Gold_D.uasset"
[2015.10.10-16.16.51:504][  0]LogPackFactory: Copied "../../../Samples/StarterContent/Content/StarterContent/Textures/T_Metal_Gold_N.uasset" to "../../../../../../Users/TheSphericalCat/Documents/Unreal Projects/ProjectApple/Content/StarterContent/Textures/T_Metal_Gold_N.uasset"
[2015.10.10-16.16.51:832][  0]LogPackFactory: Copied "../../../Samples/StarterContent/Content/StarterContent/Textures/T_Metal_Rust_D.uasset" to "../../../../../../Users/TheSphericalCat/Documents/Unreal Projects/ProjectApple/Content/StarterContent/Textures/T_Metal_Rust_D.uasset"
[2015.10.10-16.16.52:204][  0]LogPackFactory: Copied "../../../Samples/StarterContent/Content/StarterContent/Textures/T_Metal_Rust_N.uasset" to "../../../../../../Users/TheSphericalCat/Documents/Unreal Projects/ProjectApple/Content/StarterContent/Textures/T_Metal_Rust_N.uasset"
[2015.10.10-16.16.53:622][  0]LogPackFactory: Copied "../../../Samples/StarterContent/Content/StarterContent/Textures/T_Metal_Steel_D.uasset" to "../../../../../../Users/TheSphericalCat/Documents/Unreal Projects/ProjectApple/Content/StarterContent/Textures/T_Metal_Steel_D.uasset"
[2015.10.10-16.16.53:789][  0]LogPackFactory: Copied "../../../Samples/StarterContent/Content/StarterContent/Textures/T_Metal_Steel_N.uasset" to "../../../../../../Users/TheSphericalCat/Documents/Unreal Projects/ProjectApple/Content/StarterContent/Textures/T_Metal_Steel_N.uasset"
[2015.10.10-16.16.53:887][  0]LogPackFactory: Copied "../../../Samples/StarterContent/Content/StarterContent/Textures/T_Perlin_Noise_M.uasset" to "../../../../../../Users/TheSphericalCat/Documents/Unreal Projects/ProjectApple/Content/StarterContent/Textures/T_Perlin_Noise_M.uasset"
[2015.10.10-16.16.54:070][  0]LogPackFactory: Copied "../../../Samples/StarterContent/Content/StarterContent/Textures/T_RockMesh_M.uasset" to "../../../../../../Users/TheSphericalCat/Documents/Unreal Projects/ProjectApple/Content/StarterContent/Textures/T_RockMesh_M.uasset"
[2015.10.10-16.16.54:153][  0]LogPackFactory: Copied "../../../Samples/StarterContent/Content/StarterContent/Textures/T_RockMesh_N.uasset" to "../../../../../../Users/TheSphericalCat/Documents/Unreal Projects/ProjectApple/Content/StarterContent/Textures/T_RockMesh_N.uasset"
[2015.10.10-16.16.54:934][  0]LogPackFactory: Copied "../../../Samples/StarterContent/Content/StarterContent/Textures/T_Rock_Basalt_D.uasset" to "../../../../../../Users/TheSphericalCat/Documents/Unreal Projects/ProjectApple/Content/StarterContent/Textures/T_Rock_Basalt_D.uasset"
[2015.10.10-16.16.55:459][  0]LogPackFactory: Copied "../../../Samples/StarterContent/Content/StarterContent/Textures/T_Rock_Basalt_N.uasset" to "../../../../../../Users/TheSphericalCat/Documents/Unreal Projects/ProjectApple/Content/StarterContent/Textures/T_Rock_Basalt_N.uasset"
[2015.10.10-16.16.56:665][  0]LogPackFactory: Copied "../../../Samples/StarterContent/Content/StarterContent/Textures/T_Rock_Marble_Polished_D.uasset" to "../../../../../../Users/TheSphericalCat/Documents/Unreal Projects/ProjectApple/Content/StarterContent/Textures/T_Rock_Marble_Polished_D.uasset"
[2015.10.10-16.16.57:771][  0]LogPackFactory: Copied "../../../Samples/StarterContent/Content/StarterContent/Textures/T_Rock_Sandstone_D.uasset" to "../../../../../../Users/TheSphericalCat/Documents/Unreal Projects/ProjectApple/Content/StarterContent/Textures/T_Rock_Sandstone_D.uasset"
[2015.10.10-16.16.58:063][  0]LogPackFactory: Copied "../../../Samples/StarterContent/Content/StarterContent/Textures/T_Rock_Sandstone_N.uasset" to "../../../../../../Users/TheSphericalCat/Documents/Unreal Projects/ProjectApple/Content/StarterContent/Textures/T_Rock_Sandstone_N.uasset"
[2015.10.10-16.16.58:303][  0]LogPackFactory: Copied "../../../Samples/StarterContent/Content/StarterContent/Textures/T_Rock_Slate_D.uasset" to "../../../../../../Users/TheSphericalCat/Documents/Unreal Projects/ProjectApple/Content/StarterContent/Textures/T_Rock_Slate_D.uasset"
[2015.10.10-16.16.59:668][  0]LogPackFactory: Copied "../../../Samples/StarterContent/Content/StarterContent/Textures/T_Rock_Slate_N.uasset" to "../../../../../../Users/TheSphericalCat/Documents/Unreal Projects/ProjectApple/Content/StarterContent/Textures/T_Rock_Slate_N.uasset"
[2015.10.10-16.17.00:621][  0]LogPackFactory: Copied "../../../Samples/StarterContent/Content/StarterContent/Textures/T_Rock_Smooth_Granite_D.uasset" to "../../../../../../Users/TheSphericalCat/Documents/Unreal Projects/ProjectApple/Content/StarterContent/Textures/T_Rock_Smooth_Granite_D.uasset"
[2015.10.10-16.17.00:803][  0]LogPackFactory: Copied "../../../Samples/StarterContent/Content/StarterContent/Textures/T_Shelf_M.uasset" to "../../../../../../Users/TheSphericalCat/Documents/Unreal Projects/ProjectApple/Content/StarterContent/Textures/T_Shelf_M.uasset"
[2015.10.10-16.17.00:877][  0]LogPackFactory: Copied "../../../Samples/StarterContent/Content/StarterContent/Textures/T_Shelf_N.uasset" to "../../../../../../Users/TheSphericalCat/Documents/Unreal Projects/ProjectApple/Content/StarterContent/Textures/T_Shelf_N.uasset"
[2015.10.10-16.17.00:952][  0]LogPackFactory: Copied "../../../Samples/StarterContent/Content/StarterContent/Textures/T_Single_Tile_N.uasset" to "../../../../../../Users/TheSphericalCat/Documents/Unreal Projects/ProjectApple/Content/StarterContent/Textures/T_Single_Tile_N.uasset"
[2015.10.10-16.17.01:246][  0]LogPackFactory: Copied "../../../Samples/StarterContent/Content/StarterContent/Textures/T_Smoke_SubUV.uasset" to "../../../../../../Users/TheSphericalCat/Documents/Unreal Projects/ProjectApple/Content/StarterContent/Textures/T_Smoke_SubUV.uasset"
[2015.10.10-16.17.01:446][  0]LogPackFactory: Copied "../../../Samples/StarterContent/Content/StarterContent/Textures/T_Smoke_Tiled_D.uasset" to "../../../../../../Users/TheSphericalCat/Documents/Unreal Projects/ProjectApple/Content/StarterContent/Textures/T_Smoke_Tiled_D.uasset"
[2015.10.10-16.17.01:452][  0]LogPackFactory: Copied "../../../Samples/StarterContent/Content/StarterContent/Textures/T_Spark_Core.uasset" to "../../../../../../Users/TheSphericalCat/Documents/Unreal Projects/ProjectApple/Content/StarterContent/Textures/T_Spark_Core.uasset"
[2015.10.10-16.17.01:744][  0]LogPackFactory: Copied "../../../Samples/StarterContent/Content/StarterContent/Textures/T_Statue_M.uasset" to "../../../../../../Users/TheSphericalCat/Documents/Unreal Projects/ProjectApple/Content/StarterContent/Textures/T_Statue_M.uasset"
[2015.10.10-16.17.01:768][  0]LogPackFactory: Copied "../../../Samples/StarterContent/Content/StarterContent/Textures/T_Statue_N.uasset" to "../../../../../../Users/TheSphericalCat/Documents/Unreal Projects/ProjectApple/Content/StarterContent/Textures/T_Statue_N.uasset"
[2015.10.10-16.17.01:780][  0]LogPackFactory: Copied "../../../Samples/StarterContent/Content/StarterContent/Textures/T_TableRound_M.uasset" to "../../../../../../Users/TheSphericalCat/Documents/Unreal Projects/ProjectApple/Content/StarterContent/Textures/T_TableRound_M.uasset"
[2015.10.10-16.17.01:921][  0]LogPackFactory: Copied "../../../Samples/StarterContent/Content/StarterContent/Textures/T_TableRound_N.uasset" to "../../../../../../Users/TheSphericalCat/Documents/Unreal Projects/ProjectApple/Content/StarterContent/Textures/T_TableRound_N.uasset"
[2015.10.10-16.17.02:034][  0]LogPackFactory: Copied "../../../Samples/StarterContent/Content/StarterContent/Textures/T_Tech_Dot_M.uasset" to "../../../../../../Users/TheSphericalCat/Documents/Unreal Projects/ProjectApple/Content/StarterContent/Textures/T_Tech_Dot_M.uasset"
[2015.10.10-16.17.02:111][  0]LogPackFactory: Copied "../../../Samples/StarterContent/Content/StarterContent/Textures/T_Tech_Dot_N.uasset" to "../../../../../../Users/TheSphericalCat/Documents/Unreal Projects/ProjectApple/Content/StarterContent/Textures/T_Tech_Dot_N.uasset"
[2015.10.10-16.17.02:257][  0]LogPackFactory: Copied "../../../Samples/StarterContent/Content/StarterContent/Textures/T_Tech_Hex_Tile_M.uasset" to "../../../../../../Users/TheSphericalCat/Documents/Unreal Projects/ProjectApple/Content/StarterContent/Textures/T_Tech_Hex_Tile_M.uasset"
[2015.10.10-16.17.02:275][  0]LogPackFactory: Copied "../../../Samples/StarterContent/Content/StarterContent/Textures/T_Tech_Hex_Tile_N.uasset" to "../../../../../../Users/TheSphericalCat/Documents/Unreal Projects/ProjectApple/Content/StarterContent/Textures/T_Tech_Hex_Tile_N.uasset"
[2015.10.10-16.17.02:374][  0]LogPackFactory: Copied "../../../Samples/StarterContent/Content/StarterContent/Textures/T_Tech_Panel_M.uasset" to "../../../../../../Users/TheSphericalCat/Documents/Unreal Projects/ProjectApple/Content/StarterContent/Textures/T_Tech_Panel_M.uasset"
[2015.10.10-16.17.02:808][  0]LogPackFactory: Copied "../../../Samples/StarterContent/Content/StarterContent/Textures/T_Tech_Panel_N.uasset" to "../../../../../../Users/TheSphericalCat/Documents/Unreal Projects/ProjectApple/Content/StarterContent/Textures/T_Tech_Panel_N.uasset"
[2015.10.10-16.17.03:098][  0]LogPackFactory: Copied "../../../Samples/StarterContent/Content/StarterContent/Textures/T_Water_M.uasset" to "../../../../../../Users/TheSphericalCat/Documents/Unreal Projects/ProjectApple/Content/StarterContent/Textures/T_Water_M.uasset"
[2015.10.10-16.17.03:164][  0]LogPackFactory: Copied "../../../Samples/StarterContent/Content/StarterContent/Textures/T_Water_N.uasset" to "../../../../../../Users/TheSphericalCat/Documents/Unreal Projects/ProjectApple/Content/StarterContent/Textures/T_Water_N.uasset"
[2015.10.10-16.17.03:292][  0]LogPackFactory: Copied "../../../Samples/StarterContent/Content/StarterContent/Textures/T_Wood_Floor_Walnut_D.uasset" to "../../../../../../Users/TheSphericalCat/Documents/Unreal Projects/ProjectApple/Content/StarterContent/Textures/T_Wood_Floor_Walnut_D.uasset"
[2015.10.10-16.17.03:425][  0]LogPackFactory: Copied "../../../Samples/StarterContent/Content/StarterContent/Textures/T_Wood_Floor_Walnut_M.uasset" to "../../../../../../Users/TheSphericalCat/Documents/Unreal Projects/ProjectApple/Content/StarterContent/Textures/T_Wood_Floor_Walnut_M.uasset"
[2015.10.10-16.17.03:471][  0]LogPackFactory: Copied "../../../Samples/StarterContent/Content/StarterContent/Textures/T_Wood_Floor_Walnut_N.uasset" to "../../../../../../Users/TheSphericalCat/Documents/Unreal Projects/ProjectApple/Content/StarterContent/Textures/T_Wood_Floor_Walnut_N.uasset"
[2015.10.10-16.17.03:587][  0]LogPackFactory: Copied "../../../Samples/StarterContent/Content/StarterContent/Textures/T_Wood_Oak_D.uasset" to "../../../../../../Users/TheSphericalCat/Documents/Unreal Projects/ProjectApple/Content/StarterContent/Textures/T_Wood_Oak_D.uasset"
[2015.10.10-16.17.03:657][  0]LogPackFactory: Copied "../../../Samples/StarterContent/Content/StarterContent/Textures/T_Wood_Oak_N.uasset" to "../../../../../../Users/TheSphericalCat/Documents/Unreal Projects/ProjectApple/Content/StarterContent/Textures/T_Wood_Oak_N.uasset"
[2015.10.10-16.17.03:823][  0]LogPackFactory: Copied "../../../Samples/StarterContent/Content/StarterContent/Textures/T_Wood_Pine_D.uasset" to "../../../../../../Users/TheSphericalCat/Documents/Unreal Projects/ProjectApple/Content/StarterContent/Textures/T_Wood_Pine_D.uasset"
[2015.10.10-16.17.04:415][  0]LogPackFactory: Copied "../../../Samples/StarterContent/Content/StarterContent/Textures/T_Wood_Pine_N.uasset" to "../../../../../../Users/TheSphericalCat/Documents/Unreal Projects/ProjectApple/Content/StarterContent/Textures/T_Wood_Pine_N.uasset"
[2015.10.10-16.17.05:189][  0]LogPackFactory: Copied "../../../Samples/StarterContent/Content/StarterContent/Textures/T_Wood_Walnut_D.uasset" to "../../../../../../Users/TheSphericalCat/Documents/Unreal Projects/ProjectApple/Content/StarterContent/Textures/T_Wood_Walnut_D.uasset"
[2015.10.10-16.17.06:116][  0]LogPackFactory: Copied "../../../Samples/StarterContent/Content/StarterContent/Textures/T_Wood_Walnut_N.uasset" to "../../../../../../Users/TheSphericalCat/Documents/Unreal Projects/ProjectApple/Content/StarterContent/Textures/T_Wood_Walnut_N.uasset"
[2015.10.10-16.17.07:098][  0]LogRenderer: Reallocating scene render targets to support 256x256 (Frame:2).
[2015.10.10-16.17.07:407][  0]LogSavePackage: Save=105.054901ms
[2015.10.10-16.17.07:407][  0]LogSavePackage: Moving '../../../../../../Users/TheSphericalCat/Documents/Unreal Projects/ProjectApple/Saved/Floor_400x400F4E387BB45A0698A8D5974A181EB7E86.tmp' to '../../../../../../Users/TheSphericalCat/Documents/Unreal Projects/ProjectApple/Content/StarterContent/Architecture/Floor_400x400.uasset'
[2015.10.10-16.17.07:463][  0]LogSavePackage: Total save time: 172.675088ms
[2015.10.10-16.17.07:463][  0]LogSavePackage:Warning: Finished SavePackage ../../../../../../Users/TheSphericalCat/Documents/Unreal Projects/ProjectApple/Content/StarterContent/Architecture/Floor_400x400.uasset
[2015.10.10-16.17.07:464][  0]LogFeaturePack:Warning: Inserted 1 feature packs
[2015.10.10-16.17.07:468][  0]Cmd: MAP LOAD FILE="../../../../../../Users/TheSphericalCat/Documents/Unreal Projects/ProjectApple/Content/TopDownBP/Maps/TopDownExampleMap.umap" TEMPLATE=0 SHOWPROGRESS=1 FEATURELEVEL=3
[2015.10.10-16.17.07:469][  0]LightingResults: New page: Lighting Build
[2015.10.10-16.17.07:476][  0]MapCheck: New page: Map Check
[2015.10.10-16.17.07:477][  0]LightingResults: New page: Lighting Build
[2015.10.10-16.17.07:507][  0]LogParticles: Destroying 0 GPU particle simulations for FXSystem 0x000000A04F5ABCE0
[2015.10.10-16.17.07:514][  0]LogLinker:Warning: Asset '../../../../../../Users/TheSphericalCat/Documents/Unreal Projects/ProjectApple/Content/Mannequin/Animations/ThirdPerson_AnimBP.uasset' has been saved with empty engine version. The asset will be loaded but may be incompatible.
[2015.10.10-16.17.07:516][  0]LogLinker:Warning: Asset '../../../../../../Users/TheSphericalCat/Documents/Unreal Projects/ProjectApple/Content/Mannequin/Animations/ThirdPerson_Jump.uasset' has been saved with empty engine version. The asset will be loaded but may be incompatible.
[2015.10.10-16.17.07:520][  0]LogLinker:Warning: Asset '../../../../../../Users/TheSphericalCat/Documents/Unreal Projects/ProjectApple/Content/Mannequin/Animations/ThirdPersonJump_Loop.uasset' has been saved with empty engine version. The asset will be loaded but may be incompatible.
[2015.10.10-16.17.07:523][  0]LogLinker:Warning: Asset '../../../../../../Users/TheSphericalCat/Documents/Unreal Projects/ProjectApple/Content/Mannequin/Animations/ThirdPersonJump_Start.uasset' has been saved with empty engine version. The asset will be loaded but may be incompatible.
[2015.10.10-16.17.07:528][  0]LogLinker:Warning: Asset '../../../../../../Users/TheSphericalCat/Documents/Unreal Projects/ProjectApple/Content/Mannequin/Animations/ThirdPerson_IdleRun_2D.uasset